0 info it worked if it ends with ok
1 verbose cli [ '/usr/bin/node', '/usr/bin/npm', 'run', 'cy-run' ]
2 info using npm@3.5.2
3 info using node@v8.10.0
4 verbose run-script [ 'precy-run', 'cy-run', 'postcy-run' ]
5 info lifecycle webpack-boilerplate@4.4.6~precy-run: webpack-boilerplate@4.4.6
6 silly lifecycle webpack-boilerplate@4.4.6~precy-run: no script for precy-run, continuing
7 info lifecycle webpack-boilerplate@4.4.6~cy-run: webpack-boilerplate@4.4.6
8 verbose lifecycle webpack-boilerplate@4.4.6~cy-run: unsafe-perm in lifecycle true
9 verbose lifecycle webpack-boilerplate@4.4.6~cy-run: PATH: /usr/share/npm/bin/node-gyp-bin:/var/www/html/webpack-boilerplate/node_modules/.bin:/var/www/html/webpack-boilerplate/node_modules/.bin:/var/www/html/node_modules/.bin:/var/www/node_modules/.bin:/var/node_modules/.bin:/node_modules/.bin:/usr/bin:/tmp/yarn--1557604310297-0.3191458231231148:/var/www/html/webpack-boilerplate/node_modules/.bin:/home/mario/.config/yarn/link/node_modules/.bin:/home/mario/.yarn/bin:/usr/libexec/lib/node_modules/npm/bin/node-gyp-bin:/usr/lib/node_modules/npm/bin/node-gyp-bin:/usr/bin/node_modules/npm/bin/node-gyp-bin:/var/www/html/webpack-boilerplate/node_modules/.bin:/var/www/html/node_modules/.bin:/var/www/node_modules/.bin:/var/node_modules/.bin:/node_modules/.bin:/usr/bin:/usr/lib/git-core:/usr/local/sbin:/usr/local/bin:/usr/sbin:/usr/bin:/sbin:/bin:/usr/games:/usr/local/games:/snap/bin
10 verbose lifecycle webpack-boilerplate@4.4.6~cy-run: CWD: /var/www/html/webpack-boilerplate
11 silly lifecycle webpack-boilerplate@4.4.6~cy-run: Args: [ '-c', 'cypress run' ]
12 silly lifecycle webpack-boilerplate@4.4.6~cy-run: Returned: code: 1  signal: null
13 info lifecycle webpack-boilerplate@4.4.6~cy-run: Failed to exec cy-run script
14 verbose stack Error: webpack-boilerplate@4.4.6 cy-run: `cypress run`
14 verbose stack Exit status 1
14 verbose stack     at EventEmitter.<anonymous> (/usr/share/npm/lib/utils/lifecycle.js:232:16)
14 verbose stack     at emitTwo (events.js:126:13)
14 verbose stack     at EventEmitter.emit (events.js:214:7)
14 verbose stack     at ChildProcess.<anonymous> (/usr/share/npm/lib/utils/spawn.js:24:14)
14 verbose stack     at emitTwo (events.js:126:13)
14 verbose stack     at ChildProcess.emit (events.js:214:7)
14 verbose stack     at maybeClose (internal/child_process.js:925:16)
14 verbose stack     at Process.ChildProcess._handle.onexit (internal/child_process.js:209:5)
15 verbose pkgid webpack-boilerplate@4.4.6
16 verbose cwd /var/www/html/webpack-boilerplate
17 error Linux 4.15.0-20-generic
18 error argv "/usr/bin/node" "/usr/bin/npm" "run" "cy-run"
19 error node v8.10.0
20 error npm  v3.5.2
21 error code ELIFECYCLE
22 error webpack-boilerplate@4.4.6 cy-run: `cypress run`
22 error Exit status 1
23 error Failed at the webpack-boilerplate@4.4.6 cy-run script 'cypress run'.
23 error Make sure you have the latest version of node.js and npm installed.
23 error If you do, this is most likely a problem with the webpack-boilerplate package,
23 error not with npm itself.
23 error Tell the author that this fails on your system:
23 error     cypress run
23 error You can get information on how to open an issue for this project with:
23 error     npm bugs webpack-boilerplate
23 error Or if that isn't available, you can get their info via:
23 error     npm owner ls webpack-boilerplate
23 error There is likely additional logging output above.
24 verbose exit [ 1, true ]
