Arguments: 
  /usr/local/bin/node /usr/local/bin/yarn add -D webpack

PATH: 
  /usr/local/sbin:/usr/local/bin:/usr/sbin:/usr/bin:/sbin:/bin:/usr/games:/usr/local/games:/snap/bin

Yarn version: 
  1.9.4

Node version: 
  10.10.0

Platform: 
  linux x64

Trace: 
  Error: EACCES: permission denied, unlink '/var/www/html/webpack-boilerplate/node_modules/.yarn-integrity'

npm manifest: 
  {
    "name": "webpack-boilerplate",
    "version": "1.0.0",
    "description": "",
    "main": "index.js",
    "scripts": {
      "start": "webpack-dev-server --config=config/webpack.dev.js",
      "build": "webpack --config=config/webpack.dev.js",
      "dev": "node server/main.js"
    },
    "author": "",
    "license": "ISC",
    "devDependencies": {
      "@babel/core": "^7.0.0",
      "@babel/plugin-proposal-optional-chaining": "^7.0.0",
      "@babel/preset-env": "^7.0.0",
      "babel-loader": "^8.0.2",
      "babel-register": "^6.26.0",
      "css-loader": "^1.0.0",
      "express": "^4.16.3",
      "extract-loader": "^3.0.0",
      "file-loader": "^2.0.0",
      "html-loader": "^0.5.5",
      "style-loader": "^0.23.0",
      "webpack-dev-middleware": "^3.2.0"
    }
  }

yarn manifest: 
  No manifest

Lockfile: 
  # THIS IS AN AUTOGENERATED FILE. DO NOT EDIT THIS FILE DIRECTLY.
  # yarn lockfile v1
  
  
  "@babel/code-frame@^7.0.0":
    version "7.0.0"
    resolved "https://registry.yarnpkg.com/@babel/code-frame/-/code-frame-7.0.0.tgz#06e2ab19bdb535385559aabb5ba59729482800f8"
    dependencies:
      "@babel/highlight" "^7.0.0"
  
  "@babel/core@^7.0.0":
    version "7.0.0"
    resolved "https://registry.yarnpkg.com/@babel/core/-/core-7.0.0.tgz#0cb0c0fd2e78a0a2bec97698f549ae9ce0b99515"
    dependencies:
      "@babel/code-frame" "^7.0.0"
      "@babel/generator" "^7.0.0"
      "@babel/helpers" "^7.0.0"
      "@babel/parser" "^7.0.0"
      "@babel/template" "^7.0.0"
      "@babel/traverse" "^7.0.0"
      "@babel/types" "^7.0.0"
      convert-source-map "^1.1.0"
      debug "^3.1.0"
      json5 "^0.5.0"
      lodash "^4.17.10"
      resolve "^1.3.2"
      semver "^5.4.1"
      source-map "^0.5.0"
  
  "@babel/generator@^7.0.0":
    version "7.0.0"
    resolved "https://registry.yarnpkg.com/@babel/generator/-/generator-7.0.0.tgz#1efd58bffa951dc846449e58ce3a1d7f02d393aa"
    dependencies:
      "@babel/types" "^7.0.0"
      jsesc "^2.5.1"
      lodash "^4.17.10"
      source-map "^0.5.0"
      trim-right "^1.0.1"
  
  "@babel/helper-annotate-as-pure@^7.0.0":
    version "7.0.0"
    resolved "https://registry.yarnpkg.com/@babel/helper-annotate-as-pure/-/helper-annotate-as-pure-7.0.0.tgz#323d39dd0b50e10c7c06ca7d7638e6864d8c5c32"
    dependencies:
      "@babel/types" "^7.0.0"
  
  "@babel/helper-builder-binary-assignment-operator-visitor@^7.0.0":
    version "7.0.0"
    resolved "https://registry.yarnpkg.com/@babel/helper-builder-binary-assignment-operator-visitor/-/helper-builder-binary-assignment-operator-visitor-7.0.0.tgz#ba26336beb2abb547d58b6eba5b84d77975a39eb"
    dependencies:
      "@babel/helper-explode-assignable-expression" "^7.0.0"
      "@babel/types" "^7.0.0"
  
  "@babel/helper-call-delegate@^7.0.0":
    version "7.0.0"
    resolved "https://registry.yarnpkg.com/@babel/helper-call-delegate/-/helper-call-delegate-7.0.0.tgz#e036956bb33d76e59c07a04a1fff144e9f62ab78"
    dependencies:
      "@babel/helper-hoist-variables" "^7.0.0"
      "@babel/traverse" "^7.0.0"
      "@babel/types" "^7.0.0"
  
  "@babel/helper-define-map@^7.0.0":
    version "7.0.0"
    resolved "https://registry.yarnpkg.com/@babel/helper-define-map/-/helper-define-map-7.0.0.tgz#a5684dd2adf30f0137cf9b0bde436f8c2db17225"
    dependencies:
      "@babel/helper-function-name" "^7.0.0"
      "@babel/types" "^7.0.0"
      lodash "^4.17.10"
  
  "@babel/helper-explode-assignable-expression@^7.0.0":
    version "7.0.0"
    resolved "https://registry.yarnpkg.com/@babel/helper-explode-assignable-expression/-/helper-explode-assignable-expression-7.0.0.tgz#fdfa4c88603ae3e954d0fc3244d5ca82fb468497"
    dependencies:
      "@babel/traverse" "^7.0.0"
      "@babel/types" "^7.0.0"
  
  "@babel/helper-function-name@^7.0.0":
    version "7.0.0"
    resolved "https://registry.yarnpkg.com/@babel/helper-function-name/-/helper-function-name-7.0.0.tgz#a68cc8d04420ccc663dd258f9cc41b8261efa2d4"
    dependencies:
      "@babel/helper-get-function-arity" "^7.0.0"
      "@babel/template" "^7.0.0"
      "@babel/types" "^7.0.0"
  
  "@babel/helper-get-function-arity@^7.0.0":
    version "7.0.0"
    resolved "https://registry.yarnpkg.com/@babel/helper-get-function-arity/-/helper-get-function-arity-7.0.0.tgz#83572d4320e2a4657263734113c42868b64e49c3"
    dependencies:
      "@babel/types" "^7.0.0"
  
  "@babel/helper-hoist-variables@^7.0.0":
    version "7.0.0"
    resolved "https://registry.yarnpkg.com/@babel/helper-hoist-variables/-/helper-hoist-variables-7.0.0.tgz#46adc4c5e758645ae7a45deb92bab0918c23bb88"
    dependencies:
      "@babel/types" "^7.0.0"
  
  "@babel/helper-member-expression-to-functions@^7.0.0":
    version "7.0.0"
    resolved "https://registry.yarnpkg.com/@babel/helper-member-expression-to-functions/-/helper-member-expression-to-functions-7.0.0.tgz#8cd14b0a0df7ff00f009e7d7a436945f47c7a16f"
    dependencies:
      "@babel/types" "^7.0.0"
  
  "@babel/helper-module-imports@^7.0.0":
    version "7.0.0"
    resolved "https://registry.yarnpkg.com/@babel/helper-module-imports/-/helper-module-imports-7.0.0.tgz#96081b7111e486da4d2cd971ad1a4fe216cc2e3d"
    dependencies:
      "@babel/types" "^7.0.0"
  
  "@babel/helper-module-transforms@^7.0.0":
    version "7.0.0"
    resolved "https://registry.yarnpkg.com/@babel/helper-module-transforms/-/helper-module-transforms-7.0.0.tgz#b01ee7d543e81e8c3fc404b19c9f26acb6e4cf4c"
    dependencies:
      "@babel/helper-module-imports" "^7.0.0"
      "@babel/helper-simple-access" "^7.0.0"
      "@babel/helper-split-export-declaration" "^7.0.0"
      "@babel/template" "^7.0.0"
      "@babel/types" "^7.0.0"
      lodash "^4.17.10"
  
  "@babel/helper-optimise-call-expression@^7.0.0":
    version "7.0.0"
    resolved "https://registry.yarnpkg.com/@babel/helper-optimise-call-expression/-/helper-optimise-call-expression-7.0.0.tgz#a2920c5702b073c15de51106200aa8cad20497d5"
    dependencies:
      "@babel/types" "^7.0.0"
  
  "@babel/helper-plugin-utils@^7.0.0":
    version "7.0.0"
    resolved "https://registry.yarnpkg.com/@babel/helper-plugin-utils/-/helper-plugin-utils-7.0.0.tgz#bbb3fbee98661c569034237cc03967ba99b4f250"
  
  "@babel/helper-regex@^7.0.0":
    version "7.0.0"
    resolved "https://registry.yarnpkg.com/@babel/helper-regex/-/helper-regex-7.0.0.tgz#2c1718923b57f9bbe64705ffe5640ac64d9bdb27"
    dependencies:
      lodash "^4.17.10"
  
  "@babel/helper-remap-async-to-generator@^7.0.0":
    version "7.0.0"
    resolved "https://registry.yarnpkg.com/@babel/helper-remap-async-to-generator/-/helper-remap-async-to-generator-7.0.0.tgz#6512273c2feb91587822335cf913fdf680c26901"
    dependencies:
      "@babel/helper-annotate-as-pure" "^7.0.0"
      "@babel/helper-wrap-function" "^7.0.0"
      "@babel/template" "^7.0.0"
      "@babel/traverse" "^7.0.0"
      "@babel/types" "^7.0.0"
  
  "@babel/helper-replace-supers@^7.0.0":
    version "7.0.0"
    resolved "https://registry.yarnpkg.com/@babel/helper-replace-supers/-/helper-replace-supers-7.0.0.tgz#b6f21237280e0be54f591f63a464b66627ced707"
    dependencies:
      "@babel/helper-member-expression-to-functions" "^7.0.0"
      "@babel/helper-optimise-call-expression" "^7.0.0"
      "@babel/traverse" "^7.0.0"
      "@babel/types" "^7.0.0"
  
  "@babel/helper-simple-access@^7.0.0":
    version "7.0.0"
    resolved "https://registry.yarnpkg.com/@babel/helper-simple-access/-/helper-simple-access-7.0.0.tgz#ff36a27983ae4c27122da2f7f294dced80ecbd08"
    dependencies:
      "@babel/template" "^7.0.0"
      "@babel/types" "^7.0.0"
  
  "@babel/helper-split-export-declaration@^7.0.0":
    version "7.0.0"
    resolved "https://registry.yarnpkg.com/@babel/helper-split-export-declaration/-/helper-split-export-declaration-7.0.0.tgz#3aae285c0311c2ab095d997b8c9a94cad547d813"
    dependencies:
      "@babel/types" "^7.0.0"
  
  "@babel/helper-wrap-function@^7.0.0":
    version "7.0.0"
    resolved "https://registry.yarnpkg.com/@babel/helper-wrap-function/-/helper-wrap-function-7.0.0.tgz#1c8e42a2cfb0808e3140189dfe9490782a6fa740"
    dependencies:
      "@babel/helper-function-name" "^7.0.0"
      "@babel/template" "^7.0.0"
      "@babel/traverse" "^7.0.0"
      "@babel/types" "^7.0.0"
  
  "@babel/helpers@^7.0.0":
    version "7.0.0"
    resolved "https://registry.yarnpkg.com/@babel/helpers/-/helpers-7.0.0.tgz#7213388341eeb07417f44710fd7e1d00acfa6ac0"
    dependencies:
      "@babel/template" "^7.0.0"
      "@babel/traverse" "^7.0.0"
      "@babel/types" "^7.0.0"
  
  "@babel/highlight@^7.0.0":
    version "7.0.0"
    resolved "https://registry.yarnpkg.com/@babel/highlight/-/highlight-7.0.0.tgz#f710c38c8d458e6dd9a201afb637fcb781ce99e4"
    dependencies:
      chalk "^2.0.0"
      esutils "^2.0.2"
      js-tokens "^4.0.0"
  
  "@babel/parser@^7.0.0":
    version "7.0.0"
    resolved "https://registry.yarnpkg.com/@babel/parser/-/parser-7.0.0.tgz#697655183394facffb063437ddf52c0277698775"
  
  "@babel/plugin-proposal-async-generator-functions@^7.0.0":
    version "7.0.0"
    resolved "https://registry.yarnpkg.com/@babel/plugin-proposal-async-generator-functions/-/plugin-proposal-async-generator-functions-7.0.0.tgz#5d1eb6b44fd388b97f964350007ab9da090b1d70"
    dependencies:
      "@babel/helper-plugin-utils" "^7.0.0"
      "@babel/helper-remap-async-to-generator" "^7.0.0"
      "@babel/plugin-syntax-async-generators" "^7.0.0"
  
  "@babel/plugin-proposal-json-strings@^7.0.0":
    version "7.0.0"
    resolved "https://registry.yarnpkg.com/@babel/plugin-proposal-json-strings/-/plugin-proposal-json-strings-7.0.0.tgz#3b4d7b5cf51e1f2e70f52351d28d44fc2970d01e"
    dependencies:
      "@babel/helper-plugin-utils" "^7.0.0"
      "@babel/plugin-syntax-json-strings" "^7.0.0"
  
  "@babel/plugin-proposal-object-rest-spread@^7.0.0":
    version "7.0.0"
    resolved "https://registry.yarnpkg.com/@babel/plugin-proposal-object-rest-spread/-/plugin-proposal-object-rest-spread-7.0.0.tgz#9a17b547f64d0676b6c9cecd4edf74a82ab85e7e"
    dependencies:
      "@babel/helper-plugin-utils" "^7.0.0"
      "@babel/plugin-syntax-object-rest-spread" "^7.0.0"
  
  "@babel/plugin-proposal-optional-catch-binding@^7.0.0":
    version "7.0.0"
    resolved "https://registry.yarnpkg.com/@babel/plugin-proposal-optional-catch-binding/-/plugin-proposal-optional-catch-binding-7.0.0.tgz#b610d928fe551ff7117d42c8bb410eec312a6425"
    dependencies:
      "@babel/helper-plugin-utils" "^7.0.0"
      "@babel/plugin-syntax-optional-catch-binding" "^7.0.0"
  
  "@babel/plugin-proposal-optional-chaining@^7.0.0":
    version "7.0.0"
    resolved "https://registry.yarnpkg.com/@babel/plugin-proposal-optional-chaining/-/plugin-proposal-optional-chaining-7.0.0.tgz#3d344d4152253379b8758e7d041148e8787c4a9d"
    dependencies:
      "@babel/helper-plugin-utils" "^7.0.0"
      "@babel/plugin-syntax-optional-chaining" "^7.0.0"
  
  "@babel/plugin-proposal-unicode-property-regex@^7.0.0":
    version "7.0.0"
    resolved "https://registry.yarnpkg.com/@babel/plugin-proposal-unicode-property-regex/-/plugin-proposal-unicode-property-regex-7.0.0.tgz#498b39cd72536cd7c4b26177d030226eba08cd33"
    dependencies:
      "@babel/helper-plugin-utils" "^7.0.0"
      "@babel/helper-regex" "^7.0.0"
      regexpu-core "^4.2.0"
  
  "@babel/plugin-syntax-async-generators@^7.0.0":
    version "7.0.0"
    resolved "https://registry.yarnpkg.com/@babel/plugin-syntax-async-generators/-/plugin-syntax-async-generators-7.0.0.tgz#bf0891dcdbf59558359d0c626fdc9490e20bc13c"
    dependencies:
      "@babel/helper-plugin-utils" "^7.0.0"
  
  "@babel/plugin-syntax-json-strings@^7.0.0":
    version "7.0.0"
    resolved "https://registry.yarnpkg.com/@babel/plugin-syntax-json-strings/-/plugin-syntax-json-strings-7.0.0.tgz#0d259a68090e15b383ce3710e01d5b23f3770cbd"
    dependencies:
      "@babel/helper-plugin-utils" "^7.0.0"
  
  "@babel/plugin-syntax-object-rest-spread@^7.0.0":
    version "7.0.0"
    resolved "https://registry.yarnpkg.com/@babel/plugin-syntax-object-rest-spread/-/plugin-syntax-object-rest-spread-7.0.0.tgz#37d8fbcaf216bd658ea1aebbeb8b75e88ebc549b"
    dependencies:
      "@babel/helper-plugin-utils" "^7.0.0"
  
  "@babel/plugin-syntax-optional-catch-binding@^7.0.0":
    version "7.0.0"
    resolved "https://registry.yarnpkg.com/@babel/plugin-syntax-optional-catch-binding/-/plugin-syntax-optional-catch-binding-7.0.0.tgz#886f72008b3a8b185977f7cb70713b45e51ee475"
    dependencies:
      "@babel/helper-plugin-utils" "^7.0.0"
  
  "@babel/plugin-syntax-optional-chaining@^7.0.0":
    version "7.0.0"
    resolved "https://registry.yarnpkg.com/@babel/plugin-syntax-optional-chaining/-/plugin-syntax-optional-chaining-7.0.0.tgz#1e6ecba124310b5d3a8fc1e00d50b1c4c2e05e68"
    dependencies:
      "@babel/helper-plugin-utils" "^7.0.0"
  
  "@babel/plugin-transform-arrow-functions@^7.0.0":
    version "7.0.0"
    resolved "https://registry.yarnpkg.com/@babel/plugin-transform-arrow-functions/-/plugin-transform-arrow-functions-7.0.0.tgz#a6c14875848c68a3b4b3163a486535ef25c7e749"
    dependencies:
      "@babel/helper-plugin-utils" "^7.0.0"
  
  "@babel/plugin-transform-async-to-generator@^7.0.0":
    version "7.0.0"
    resolved "https://registry.yarnpkg.com/@babel/plugin-transform-async-to-generator/-/plugin-transform-async-to-generator-7.0.0.tgz#feaf18f4bfeaf2236eea4b2d4879da83006cc8f5"
    dependencies:
      "@babel/helper-module-imports" "^7.0.0"
      "@babel/helper-plugin-utils" "^7.0.0"
      "@babel/helper-remap-async-to-generator" "^7.0.0"
  
  "@babel/plugin-transform-block-scoped-functions@^7.0.0":
    version "7.0.0"
    resolved "https://registry.yarnpkg.com/@babel/plugin-transform-block-scoped-functions/-/plugin-transform-block-scoped-functions-7.0.0.tgz#482b3f75103927e37288b3b67b65f848e2aa0d07"
    dependencies:
      "@babel/helper-plugin-utils" "^7.0.0"
  
  "@babel/plugin-transform-block-scoping@^7.0.0":
    version "7.0.0"
    resolved "https://registry.yarnpkg.com/@babel/plugin-transform-block-scoping/-/plugin-transform-block-scoping-7.0.0.tgz#1745075edffd7cdaf69fab2fb6f9694424b7e9bc"
    dependencies:
      "@babel/helper-plugin-utils" "^7.0.0"
      lodash "^4.17.10"
  
  "@babel/plugin-transform-classes@^7.0.0":
    version "7.0.0"
    resolved "https://registry.yarnpkg.com/@babel/plugin-transform-classes/-/plugin-transform-classes-7.0.0.tgz#9e65ca401747dde99e344baea90ab50dccb4c468"
    dependencies:
      "@babel/helper-annotate-as-pure" "^7.0.0"
      "@babel/helper-define-map" "^7.0.0"
      "@babel/helper-function-name" "^7.0.0"
      "@babel/helper-optimise-call-expression" "^7.0.0"
      "@babel/helper-plugin-utils" "^7.0.0"
      "@babel/helper-replace-supers" "^7.0.0"
      "@babel/helper-split-export-declaration" "^7.0.0"
      globals "^11.1.0"
  
  "@babel/plugin-transform-computed-properties@^7.0.0":
    version "7.0.0"
    resolved "https://registry.yarnpkg.com/@babel/plugin-transform-computed-properties/-/plugin-transform-computed-properties-7.0.0.tgz#2fbb8900cd3e8258f2a2ede909b90e7556185e31"
    dependencies:
      "@babel/helper-plugin-utils" "^7.0.0"
  
  "@babel/plugin-transform-destructuring@^7.0.0":
    version "7.0.0"
    resolved "https://registry.yarnpkg.com/@babel/plugin-transform-destructuring/-/plugin-transform-destructuring-7.0.0.tgz#68e911e1935dda2f06b6ccbbf184ffb024e9d43a"
    dependencies:
      "@babel/helper-plugin-utils" "^7.0.0"
  
  "@babel/plugin-transform-dotall-regex@^7.0.0":
    version "7.0.0"
    resolved "https://registry.yarnpkg.com/@babel/plugin-transform-dotall-regex/-/plugin-transform-dotall-regex-7.0.0.tgz#73a24da69bc3c370251f43a3d048198546115e58"
    dependencies:
      "@babel/helper-plugin-utils" "^7.0.0"
      "@babel/helper-regex" "^7.0.0"
      regexpu-core "^4.1.3"
  
  "@babel/plugin-transform-duplicate-keys@^7.0.0":
    version "7.0.0"
    resolved "https://registry.yarnpkg.com/@babel/plugin-transform-duplicate-keys/-/plugin-transform-duplicate-keys-7.0.0.tgz#a0601e580991e7cace080e4cf919cfd58da74e86"
    dependencies:
      "@babel/helper-plugin-utils" "^7.0.0"
  
  "@babel/plugin-transform-exponentiation-operator@^7.0.0":
    version "7.0.0"
    resolved "https://registry.yarnpkg.com/@babel/plugin-transform-exponentiation-operator/-/plugin-transform-exponentiation-operator-7.0.0.tgz#c51b45e090a01876f64d32b5b46c0799c85ea56c"
    dependencies:
      "@babel/helper-builder-binary-assignment-operator-visitor" "^7.0.0"
      "@babel/helper-plugin-utils" "^7.0.0"
  
  "@babel/plugin-transform-for-of@^7.0.0":
    version "7.0.0"
    resolved "https://registry.yarnpkg.com/@babel/plugin-transform-for-of/-/plugin-transform-for-of-7.0.0.tgz#f2ba4eadb83bd17dc3c7e9b30f4707365e1c3e39"
    dependencies:
      "@babel/helper-plugin-utils" "^7.0.0"
  
  "@babel/plugin-transform-function-name@^7.0.0":
    version "7.0.0"
    resolved "https://registry.yarnpkg.com/@babel/plugin-transform-function-name/-/plugin-transform-function-name-7.0.0.tgz#eeda18dc22584e13c3581a68f6be4822bb1d1d81"
    dependencies:
      "@babel/helper-function-name" "^7.0.0"
      "@babel/helper-plugin-utils" "^7.0.0"
  
  "@babel/plugin-transform-literals@^7.0.0":
    version "7.0.0"
    resolved "https://registry.yarnpkg.com/@babel/plugin-transform-literals/-/plugin-transform-literals-7.0.0.tgz#2aec1d29cdd24c407359c930cdd89e914ee8ff86"
    dependencies:
      "@babel/helper-plugin-utils" "^7.0.0"
  
  "@babel/plugin-transform-modules-amd@^7.0.0":
    version "7.0.0"
    resolved "https://registry.yarnpkg.com/@babel/plugin-transform-modules-amd/-/plugin-transform-modules-amd-7.0.0.tgz#2430ab73db9960c4ca89966f425b803f5d0d0468"
    dependencies:
      "@babel/helper-module-transforms" "^7.0.0"
      "@babel/helper-plugin-utils" "^7.0.0"
  
  "@babel/plugin-transform-modules-commonjs@^7.0.0":
    version "7.0.0"
    resolved "https://registry.yarnpkg.com/@babel/plugin-transform-modules-commonjs/-/plugin-transform-modules-commonjs-7.0.0.tgz#20b906e5ab130dd8e456b694a94d9575da0fd41f"
    dependencies:
      "@babel/helper-module-transforms" "^7.0.0"
      "@babel/helper-plugin-utils" "^7.0.0"
      "@babel/helper-simple-access" "^7.0.0"
  
  "@babel/plugin-transform-modules-systemjs@^7.0.0":
    version "7.0.0"
    resolved "https://registry.yarnpkg.com/@babel/plugin-transform-modules-systemjs/-/plugin-transform-modules-systemjs-7.0.0.tgz#8873d876d4fee23209decc4d1feab8f198cf2df4"
    dependencies:
      "@babel/helper-hoist-variables" "^7.0.0"
      "@babel/helper-plugin-utils" "^7.0.0"
  
  "@babel/plugin-transform-modules-umd@^7.0.0":
    version "7.0.0"
    resolved "https://registry.yarnpkg.com/@babel/plugin-transform-modules-umd/-/plugin-transform-modules-umd-7.0.0.tgz#e7bb4f2a6cd199668964241951a25013450349be"
    dependencies:
      "@babel/helper-module-transforms" "^7.0.0"
      "@babel/helper-plugin-utils" "^7.0.0"
  
  "@babel/plugin-transform-new-target@^7.0.0":
    version "7.0.0"
    resolved "https://registry.yarnpkg.com/@babel/plugin-transform-new-target/-/plugin-transform-new-target-7.0.0.tgz#ae8fbd89517fa7892d20e6564e641e8770c3aa4a"
    dependencies:
      "@babel/helper-plugin-utils" "^7.0.0"
  
  "@babel/plugin-transform-object-super@^7.0.0":
    version "7.0.0"
    resolved "https://registry.yarnpkg.com/@babel/plugin-transform-object-super/-/plugin-transform-object-super-7.0.0.tgz#b8587d511309b3a0e96e9e38169908b3e392041e"
    dependencies:
      "@babel/helper-plugin-utils" "^7.0.0"
      "@babel/helper-replace-supers" "^7.0.0"
  
  "@babel/plugin-transform-parameters@^7.0.0":
    version "7.0.0"
    resolved "https://registry.yarnpkg.com/@babel/plugin-transform-parameters/-/plugin-transform-parameters-7.0.0.tgz#da864efa111816a6df161d492f33de10e74b1949"
    dependencies:
      "@babel/helper-call-delegate" "^7.0.0"
      "@babel/helper-get-function-arity" "^7.0.0"
      "@babel/helper-plugin-utils" "^7.0.0"
  
  "@babel/plugin-transform-regenerator@^7.0.0":
    version "7.0.0"
    resolved "https://registry.yarnpkg.com/@babel/plugin-transform-regenerator/-/plugin-transform-regenerator-7.0.0.tgz#5b41686b4ed40bef874d7ed6a84bdd849c13e0c1"
    dependencies:
      regenerator-transform "^0.13.3"
  
  "@babel/plugin-transform-shorthand-properties@^7.0.0":
    version "7.0.0"
    resolved "https://registry.yarnpkg.com/@babel/plugin-transform-shorthand-properties/-/plugin-transform-shorthand-properties-7.0.0.tgz#85f8af592dcc07647541a0350e8c95c7bf419d15"
    dependencies:
      "@babel/helper-plugin-utils" "^7.0.0"
  
  "@babel/plugin-transform-spread@^7.0.0":
    version "7.0.0"
    resolved "https://registry.yarnpkg.com/@babel/plugin-transform-spread/-/plugin-transform-spread-7.0.0.tgz#93583ce48dd8c85e53f3a46056c856e4af30b49b"
    dependencies:
      "@babel/helper-plugin-utils" "^7.0.0"
  
  "@babel/plugin-transform-sticky-regex@^7.0.0":
    version "7.0.0"
    resolved "https://registry.yarnpkg.com/@babel/plugin-transform-sticky-regex/-/plugin-transform-sticky-regex-7.0.0.tgz#30a9d64ac2ab46eec087b8530535becd90e73366"
    dependencies:
      "@babel/helper-plugin-utils" "^7.0.0"
      "@babel/helper-regex" "^7.0.0"
  
  "@babel/plugin-transform-template-literals@^7.0.0":
    version "7.0.0"
    resolved "https://registry.yarnpkg.com/@babel/plugin-transform-template-literals/-/plugin-transform-template-literals-7.0.0.tgz#084f1952efe5b153ddae69eb8945f882c7a97c65"
    dependencies:
      "@babel/helper-annotate-as-pure" "^7.0.0"
      "@babel/helper-plugin-utils" "^7.0.0"
  
  "@babel/plugin-transform-typeof-symbol@^7.0.0":
    version "7.0.0"
    resolved "https://registry.yarnpkg.com/@babel/plugin-transform-typeof-symbol/-/plugin-transform-typeof-symbol-7.0.0.tgz#4dcf1e52e943e5267b7313bff347fdbe0f81cec9"
    dependencies:
      "@babel/helper-plugin-utils" "^7.0.0"
  
  "@babel/plugin-transform-unicode-regex@^7.0.0":
    version "7.0.0"
    resolved "https://registry.yarnpkg.com/@babel/plugin-transform-unicode-regex/-/plugin-transform-unicode-regex-7.0.0.tgz#c6780e5b1863a76fe792d90eded9fcd5b51d68fc"
    dependencies:
      "@babel/helper-plugin-utils" "^7.0.0"
      "@babel/helper-regex" "^7.0.0"
      regexpu-core "^4.1.3"
  
  "@babel/preset-env@^7.0.0":
    version "7.0.0"
    resolved "https://registry.yarnpkg.com/@babel/preset-env/-/preset-env-7.0.0.tgz#f450f200c14e713f98cb14d113bf0c2cfbb89ca9"
    dependencies:
      "@babel/helper-module-imports" "^7.0.0"
      "@babel/helper-plugin-utils" "^7.0.0"
      "@babel/plugin-proposal-async-generator-functions" "^7.0.0"
      "@babel/plugin-proposal-json-strings" "^7.0.0"
      "@babel/plugin-proposal-object-rest-spread" "^7.0.0"
      "@babel/plugin-proposal-optional-catch-binding" "^7.0.0"
      "@babel/plugin-proposal-unicode-property-regex" "^7.0.0"
      "@babel/plugin-syntax-async-generators" "^7.0.0"
      "@babel/plugin-syntax-object-rest-spread" "^7.0.0"
      "@babel/plugin-syntax-optional-catch-binding" "^7.0.0"
      "@babel/plugin-transform-arrow-functions" "^7.0.0"
      "@babel/plugin-transform-async-to-generator" "^7.0.0"
      "@babel/plugin-transform-block-scoped-functions" "^7.0.0"
      "@babel/plugin-transform-block-scoping" "^7.0.0"
      "@babel/plugin-transform-classes" "^7.0.0"
      "@babel/plugin-transform-computed-properties" "^7.0.0"
      "@babel/plugin-transform-destructuring" "^7.0.0"
      "@babel/plugin-transform-dotall-regex" "^7.0.0"
      "@babel/plugin-transform-duplicate-keys" "^7.0.0"
      "@babel/plugin-transform-exponentiation-operator" "^7.0.0"
      "@babel/plugin-transform-for-of" "^7.0.0"
      "@babel/plugin-transform-function-name" "^7.0.0"
      "@babel/plugin-transform-literals" "^7.0.0"
      "@babel/plugin-transform-modules-amd" "^7.0.0"
      "@babel/plugin-transform-modules-commonjs" "^7.0.0"
      "@babel/plugin-transform-modules-systemjs" "^7.0.0"
      "@babel/plugin-transform-modules-umd" "^7.0.0"
      "@babel/plugin-transform-new-target" "^7.0.0"
      "@babel/plugin-transform-object-super" "^7.0.0"
      "@babel/plugin-transform-parameters" "^7.0.0"
      "@babel/plugin-transform-regenerator" "^7.0.0"
      "@babel/plugin-transform-shorthand-properties" "^7.0.0"
      "@babel/plugin-transform-spread" "^7.0.0"
      "@babel/plugin-transform-sticky-regex" "^7.0.0"
      "@babel/plugin-transform-template-literals" "^7.0.0"
      "@babel/plugin-transform-typeof-symbol" "^7.0.0"
      "@babel/plugin-transform-unicode-regex" "^7.0.0"
      browserslist "^4.1.0"
      invariant "^2.2.2"
      js-levenshtein "^1.1.3"
      semver "^5.3.0"
  
  "@babel/template@^7.0.0":
    version "7.0.0"
    resolved "https://registry.yarnpkg.com/@babel/template/-/template-7.0.0.tgz#c2bc9870405959c89a9c814376a2ecb247838c80"
    dependencies:
      "@babel/code-frame" "^7.0.0"
      "@babel/parser" "^7.0.0"
      "@babel/types" "^7.0.0"
  
  "@babel/traverse@^7.0.0":
    version "7.0.0"
    resolved "https://registry.yarnpkg.com/@babel/traverse/-/traverse-7.0.0.tgz#b1fe9b6567fdf3ab542cfad6f3b31f854d799a61"
    dependencies:
      "@babel/code-frame" "^7.0.0"
      "@babel/generator" "^7.0.0"
      "@babel/helper-function-name" "^7.0.0"
      "@babel/helper-split-export-declaration" "^7.0.0"
      "@babel/parser" "^7.0.0"
      "@babel/types" "^7.0.0"
      debug "^3.1.0"
      globals "^11.1.0"
      lodash "^4.17.10"
  
  "@babel/types@^7.0.0":
    version "7.0.0"
    resolved "https://registry.yarnpkg.com/@babel/types/-/types-7.0.0.tgz#6e191793d3c854d19c6749989e3bc55f0e962118"
    dependencies:
      esutils "^2.0.2"
      lodash "^4.17.10"
      to-fast-properties "^2.0.0"
  
  accepts@~1.3.5:
    version "1.3.5"
    resolved "https://registry.yarnpkg.com/accepts/-/accepts-1.3.5.tgz#eb777df6011723a3b14e8a72c0805c8e86746bd2"
    dependencies:
      mime-types "~2.1.18"
      negotiator "0.6.1"
  
  ajv-errors@^1.0.0:
    version "1.0.0"
    resolved "https://registry.yarnpkg.com/ajv-errors/-/ajv-errors-1.0.0.tgz#ecf021fa108fd17dfb5e6b383f2dd233e31ffc59"
  
  ajv-keywords@^3.1.0:
    version "3.2.0"
    resolved "https://registry.yarnpkg.com/ajv-keywords/-/ajv-keywords-3.2.0.tgz#e86b819c602cf8821ad637413698f1dec021847a"
  
  ajv@^6.1.0:
    version "6.5.3"
    resolved "https://registry.yarnpkg.com/ajv/-/ajv-6.5.3.tgz#71a569d189ecf4f4f321224fecb166f071dd90f9"
    dependencies:
      fast-deep-equal "^2.0.1"
      fast-json-stable-stringify "^2.0.0"
      json-schema-traverse "^0.4.1"
      uri-js "^4.2.2"
  
  ansi-colors@^3.0.0:
    version "3.0.5"
    resolved "https://registry.yarnpkg.com/ansi-colors/-/ansi-colors-3.0.5.tgz#cb9dc64993b64fd6945485f797fc3853137d9a7b"
  
  ansi-regex@^2.0.0:
    version "2.1.1"
    resolved "https://registry.yarnpkg.com/ansi-regex/-/ansi-regex-2.1.1.tgz#c3b33ab5ee360d86e0e628f0468ae7ef27d654df"
  
  ansi-styles@^2.2.1:
    version "2.2.1"
    resolved "https://registry.yarnpkg.com/ansi-styles/-/ansi-styles-2.2.1.tgz#b432dd3358b634cf75e1e4664368240533c1ddbe"
  
  ansi-styles@^3.2.1:
    version "3.2.1"
    resolved "https://registry.yarnpkg.com/ansi-styles/-/ansi-styles-3.2.1.tgz#41fbb20243e50b12be0f04b8dedbf07520ce841d"
    dependencies:
      color-convert "^1.9.0"
  
  array-find-index@^1.0.1:
    version "1.0.2"
    resolved "https://registry.yarnpkg.com/array-find-index/-/array-find-index-1.0.2.tgz#df010aa1287e164bbda6f9723b0a96a1ec4187a1"
  
  array-flatten@1.1.1:
    version "1.1.1"
    resolved "https://registry.yarnpkg.com/array-flatten/-/array-flatten-1.1.1.tgz#9a5f699051b1e7073328f2a008968b64ea2955d2"
  
  ast-types@0.9.6:
    version "0.9.6"
    resolved "https://registry.yarnpkg.com/ast-types/-/ast-types-0.9.6.tgz#102c9e9e9005d3e7e3829bf0c4fa24ee862ee9b9"
  
  babel-code-frame@^6.26.0:
    version "6.26.0"
    resolved "https://registry.yarnpkg.com/babel-code-frame/-/babel-code-frame-6.26.0.tgz#63fd43f7dc1e3bb7ce35947db8fe369a3f58c74b"
    dependencies:
      chalk "^1.1.3"
      esutils "^2.0.2"
      js-tokens "^3.0.2"
  
  babel-core@^6.26.0:
    version "6.26.3"
    resolved "https://registry.yarnpkg.com/babel-core/-/babel-core-6.26.3.tgz#b2e2f09e342d0f0c88e2f02e067794125e75c207"
    dependencies:
      babel-code-frame "^6.26.0"
      babel-generator "^6.26.0"
      babel-helpers "^6.24.1"
      babel-messages "^6.23.0"
      babel-register "^6.26.0"
      babel-runtime "^6.26.0"
      babel-template "^6.26.0"
      babel-traverse "^6.26.0"
      babel-types "^6.26.0"
      babylon "^6.18.0"
      convert-source-map "^1.5.1"
      debug "^2.6.9"
      json5 "^0.5.1"
      lodash "^4.17.4"
      minimatch "^3.0.4"
      path-is-absolute "^1.0.1"
      private "^0.1.8"
      slash "^1.0.0"
      source-map "^0.5.7"
  
  babel-generator@^6.26.0:
    version "6.26.1"
    resolved "https://registry.yarnpkg.com/babel-generator/-/babel-generator-6.26.1.tgz#1844408d3b8f0d35a404ea7ac180f087a601bd90"
    dependencies:
      babel-messages "^6.23.0"
      babel-runtime "^6.26.0"
      babel-types "^6.26.0"
      detect-indent "^4.0.0"
      jsesc "^1.3.0"
      lodash "^4.17.4"
      source-map "^0.5.7"
      trim-right "^1.0.1"
  
  babel-helpers@^6.24.1:
    version "6.24.1"
    resolved "https://registry.yarnpkg.com/babel-helpers/-/babel-helpers-6.24.1.tgz#3471de9caec388e5c850e597e58a26ddf37602b2"
    dependencies:
      babel-runtime "^6.22.0"
      babel-template "^6.24.1"
  
  babel-loader@^8.0.2:
    version "8.0.2"
    resolved "https://registry.yarnpkg.com/babel-loader/-/babel-loader-8.0.2.tgz#2079b8ec1628284a929241da3d90f5b3de2a5ae5"
    dependencies:
      find-cache-dir "^1.0.0"
      loader-utils "^1.0.2"
      mkdirp "^0.5.1"
      util.promisify "^1.0.0"
  
  babel-messages@^6.23.0:
    version "6.23.0"
    resolved "https://registry.yarnpkg.com/babel-messages/-/babel-messages-6.23.0.tgz#f3cdf4703858035b2a2951c6ec5edf6c62f2630e"
    dependencies:
      babel-runtime "^6.22.0"
  
  babel-register@^6.26.0:
    version "6.26.0"
    resolved "https://registry.yarnpkg.com/babel-register/-/babel-register-6.26.0.tgz#6ed021173e2fcb486d7acb45c6009a856f647071"
    dependencies:
      babel-core "^6.26.0"
      babel-runtime "^6.26.0"
      core-js "^2.5.0"
      home-or-tmp "^2.0.0"
      lodash "^4.17.4"
      mkdirp "^0.5.1"
      source-map-support "^0.4.15"
  
  babel-runtime@^6.22.0, babel-runtime@^6.26.0:
    version "6.26.0"
    resolved "https://registry.yarnpkg.com/babel-runtime/-/babel-runtime-6.26.0.tgz#965c7058668e82b55d7bfe04ff2337bc8b5647fe"
    dependencies:
      core-js "^2.4.0"
      regenerator-runtime "^0.11.0"
  
  babel-template@^6.24.1, babel-template@^6.26.0:
    version "6.26.0"
    resolved "https://registry.yarnpkg.com/babel-template/-/babel-template-6.26.0.tgz#de03e2d16396b069f46dd9fff8521fb1a0e35e02"
    dependencies:
      babel-runtime "^6.26.0"
      babel-traverse "^6.26.0"
      babel-types "^6.26.0"
      babylon "^6.18.0"
      lodash "^4.17.4"
  
  babel-traverse@^6.26.0:
    version "6.26.0"
    resolved "https://registry.yarnpkg.com/babel-traverse/-/babel-traverse-6.26.0.tgz#46a9cbd7edcc62c8e5c064e2d2d8d0f4035766ee"
    dependencies:
      babel-code-frame "^6.26.0"
      babel-messages "^6.23.0"
      babel-runtime "^6.26.0"
      babel-types "^6.26.0"
      babylon "^6.18.0"
      debug "^2.6.8"
      globals "^9.18.0"
      invariant "^2.2.2"
      lodash "^4.17.4"
  
  babel-types@^6.26.0:
    version "6.26.0"
    resolved "https://registry.yarnpkg.com/babel-types/-/babel-types-6.26.0.tgz#a3b073f94ab49eb6fa55cd65227a334380632497"
    dependencies:
      babel-runtime "^6.26.0"
      esutils "^2.0.2"
      lodash "^4.17.4"
      to-fast-properties "^1.0.3"
  
  babylon@^6.18.0:
    version "6.18.0"
    resolved "https://registry.yarnpkg.com/babylon/-/babylon-6.18.0.tgz#af2f3b88fa6f5c1e4c634d1a0f8eac4f55b395e3"
  
  balanced-match@^1.0.0:
    version "1.0.0"
    resolved "https://registry.yarnpkg.com/balanced-match/-/balanced-match-1.0.0.tgz#89b4d199ab2bee49de164ea02b89ce462d71b767"
  
  big.js@^3.1.3:
    version "3.2.0"
    resolved "https://registry.yarnpkg.com/big.js/-/big.js-3.2.0.tgz#a5fc298b81b9e0dca2e458824784b65c52ba588e"
  
  body-parser@1.18.2:
    version "1.18.2"
    resolved "https://registry.yarnpkg.com/body-parser/-/body-parser-1.18.2.tgz#87678a19d84b47d859b83199bd59bce222b10454"
    dependencies:
      bytes "3.0.0"
      content-type "~1.0.4"
      debug "2.6.9"
      depd "~1.1.1"
      http-errors "~1.6.2"
      iconv-lite "0.4.19"
      on-finished "~2.3.0"
      qs "6.5.1"
      raw-body "2.3.2"
      type-is "~1.6.15"
  
  brace-expansion@^1.1.7:
    version "1.1.11"
    resolved "https://registry.yarnpkg.com/brace-expansion/-/brace-expansion-1.1.11.tgz#3c7fcbf529d87226f3d2f52b966ff5271eb441dd"
    dependencies:
      balanced-match "^1.0.0"
      concat-map "0.0.1"
  
  browserslist@^4.1.0:
    version "4.1.1"
    resolved "https://registry.yarnpkg.com/browserslist/-/browserslist-4.1.1.tgz#328eb4ff1215b12df6589e9ab82f8adaa4fc8cd6"
    dependencies:
      caniuse-lite "^1.0.30000884"
      electron-to-chromium "^1.3.62"
      node-releases "^1.0.0-alpha.11"
  
  btoa@^1.2.1:
    version "1.2.1"
    resolved "https://registry.yarnpkg.com/btoa/-/btoa-1.2.1.tgz#01a9909f8b2c93f6bf680ba26131eb30f7fa3d73"
  
  bytes@3.0.0:
    version "3.0.0"
    resolved "https://registry.yarnpkg.com/bytes/-/bytes-3.0.0.tgz#d32815404d689699f85a4ea4fa8755dd13a96048"
  
  camel-case@3.0.x:
    version "3.0.0"
    resolved "https://registry.yarnpkg.com/camel-case/-/camel-case-3.0.0.tgz#ca3c3688a4e9cf3a4cda777dc4dcbc713249cf73"
    dependencies:
      no-case "^2.2.0"
      upper-case "^1.1.1"
  
  caniuse-lite@^1.0.30000884:
    version "1.0.30000885"
    resolved "https://registry.yarnpkg.com/caniuse-lite/-/caniuse-lite-1.0.30000885.tgz#e889e9f8e7e50e769f2a49634c932b8aee622984"
  
  chalk@^1.1.3:
    version "1.1.3"
    resolved "http://registry.npmjs.org/chalk/-/chalk-1.1.3.tgz#a8115c55e4a702fe4d150abd3872822a7e09fc98"
    dependencies:
      ansi-styles "^2.2.1"
      escape-string-regexp "^1.0.2"
      has-ansi "^2.0.0"
      strip-ansi "^3.0.0"
      supports-color "^2.0.0"
  
  chalk@^2.0.0, chalk@^2.4.1:
    version "2.4.1"
    resolved "https://registry.yarnpkg.com/chalk/-/chalk-2.4.1.tgz#18c49ab16a037b6eb0152cc83e3471338215b66e"
    dependencies:
      ansi-styles "^3.2.1"
      escape-string-regexp "^1.0.5"
      supports-color "^5.3.0"
  
  clean-css@4.2.x:
    version "4.2.1"
    resolved "https://registry.yarnpkg.com/clean-css/-/clean-css-4.2.1.tgz#2d411ef76b8569b6d0c84068dabe85b0aa5e5c17"
    dependencies:
      source-map "~0.6.0"
  
  color-convert@^1.9.0:
    version "1.9.3"
    resolved "https://registry.yarnpkg.com/color-convert/-/color-convert-1.9.3.tgz#bb71850690e1f136567de629d2d5471deda4c1e8"
    dependencies:
      color-name "1.1.3"
  
  color-name@1.1.3:
    version "1.1.3"
    resolved "https://registry.yarnpkg.com/color-name/-/color-name-1.1.3.tgz#a7d0558bd89c42f795dd42328f740831ca53bc25"
  
  commander@2.17.x, commander@~2.17.1:
    version "2.17.1"
    resolved "https://registry.yarnpkg.com/commander/-/commander-2.17.1.tgz#bd77ab7de6de94205ceacc72f1716d29f20a77bf"
  
  commondir@^1.0.1:
    version "1.0.1"
    resolved "https://registry.yarnpkg.com/commondir/-/commondir-1.0.1.tgz#ddd800da0c66127393cca5950ea968a3aaf1253b"
  
  concat-map@0.0.1:
    version "0.0.1"
    resolved "https://registry.yarnpkg.com/concat-map/-/concat-map-0.0.1.tgz#d8a96bd77fd68df7793a73036a3ba0d5405d477b"
  
  content-disposition@0.5.2:
    version "0.5.2"
    resolved "https://registry.yarnpkg.com/content-disposition/-/content-disposition-0.5.2.tgz#0cf68bb9ddf5f2be7961c3a85178cb85dba78cb4"
  
  content-type@~1.0.4:
    version "1.0.4"
    resolved "https://registry.yarnpkg.com/content-type/-/content-type-1.0.4.tgz#e138cc75e040c727b1966fe5e5f8c9aee256fe3b"
  
  convert-source-map@^1.1.0, convert-source-map@^1.5.1:
    version "1.6.0"
    resolved "https://registry.yarnpkg.com/convert-source-map/-/convert-source-map-1.6.0.tgz#51b537a8c43e0f04dec1993bffcdd504e758ac20"
    dependencies:
      safe-buffer "~5.1.1"
  
  cookie-signature@1.0.6:
    version "1.0.6"
    resolved "https://registry.yarnpkg.com/cookie-signature/-/cookie-signature-1.0.6.tgz#e303a882b342cc3ee8ca513a79999734dab3ae2c"
  
  cookie@0.3.1:
    version "0.3.1"
    resolved "https://registry.yarnpkg.com/cookie/-/cookie-0.3.1.tgz#e7e0a1f9ef43b4c8ba925c5c5a96e806d16873bb"
  
  core-js@^2.4.0, core-js@^2.5.0:
    version "2.5.7"
    resolved "https://registry.yarnpkg.com/core-js/-/core-js-2.5.7.tgz#f972608ff0cead68b841a16a932d0b183791814e"
  
  core-util-is@~1.0.0:
    version "1.0.2"
    resolved "https://registry.yarnpkg.com/core-util-is/-/core-util-is-1.0.2.tgz#b5fd54220aa2bc5ab57aab7140c940754503c1a7"
  
  css-loader@^1.0.0:
    version "1.0.0"
    resolved "https://registry.yarnpkg.com/css-loader/-/css-loader-1.0.0.tgz#9f46aaa5ca41dbe31860e3b62b8e23c42916bf56"
    dependencies:
      babel-code-frame "^6.26.0"
      css-selector-tokenizer "^0.7.0"
      icss-utils "^2.1.0"
      loader-utils "^1.0.2"
      lodash.camelcase "^4.3.0"
      postcss "^6.0.23"
      postcss-modules-extract-imports "^1.2.0"
      postcss-modules-local-by-default "^1.2.0"
      postcss-modules-scope "^1.1.0"
      postcss-modules-values "^1.3.0"
      postcss-value-parser "^3.3.0"
      source-list-map "^2.0.0"
  
  css-selector-tokenizer@^0.7.0:
    version "0.7.0"
    resolved "https://registry.yarnpkg.com/css-selector-tokenizer/-/css-selector-tokenizer-0.7.0.tgz#e6988474ae8c953477bf5e7efecfceccd9cf4c86"
    dependencies:
      cssesc "^0.1.0"
      fastparse "^1.1.1"
      regexpu-core "^1.0.0"
  
  cssesc@^0.1.0:
    version "0.1.0"
    resolved "https://registry.yarnpkg.com/cssesc/-/cssesc-0.1.0.tgz#c814903e45623371a0477b40109aaafbeeaddbb4"
  
  currently-unhandled@^0.4.1:
    version "0.4.1"
    resolved "https://registry.yarnpkg.com/currently-unhandled/-/currently-unhandled-0.4.1.tgz#988df33feab191ef799a61369dd76c17adf957ea"
    dependencies:
      array-find-index "^1.0.1"
  
  debug@2.6.9, debug@^2.6.8, debug@^2.6.9:
    version "2.6.9"
    resolved "https://registry.yarnpkg.com/debug/-/debug-2.6.9.tgz#5d128515df134ff327e90a4c93f4e077a536341f"
    dependencies:
      ms "2.0.0"
  
  debug@^3.1.0:
    version "3.1.0"
    resolved "https://registry.yarnpkg.com/debug/-/debug-3.1.0.tgz#5bb5a0672628b64149566ba16819e61518c67261"
    dependencies:
      ms "2.0.0"
  
  define-properties@^1.1.2:
    version "1.1.3"
    resolved "https://registry.yarnpkg.com/define-properties/-/define-properties-1.1.3.tgz#cf88da6cbee26fe6db7094f61d870cbd84cee9f1"
    dependencies:
      object-keys "^1.0.12"
  
  depd@1.1.1:
    version "1.1.1"
    resolved "https://registry.yarnpkg.com/depd/-/depd-1.1.1.tgz#5783b4e1c459f06fa5ca27f991f3d06e7a310359"
  
  depd@~1.1.1, depd@~1.1.2:
    version "1.1.2"
    resolved "https://registry.yarnpkg.com/depd/-/depd-1.1.2.tgz#9bcd52e14c097763e749b274c4346ed2e560b5a9"
  
  destroy@~1.0.4:
    version "1.0.4"
    resolved "https://registry.yarnpkg.com/destroy/-/destroy-1.0.4.tgz#978857442c44749e4206613e37946205826abd80"
  
  detect-indent@^4.0.0:
    version "4.0.0"
    resolved "https://registry.yarnpkg.com/detect-indent/-/detect-indent-4.0.0.tgz#f76d064352cdf43a1cb6ce619c4ee3a9475de208"
    dependencies:
      repeating "^2.0.0"
  
  ee-first@1.1.1:
    version "1.1.1"
    resolved "https://registry.yarnpkg.com/ee-first/-/ee-first-1.1.1.tgz#590c61156b0ae2f4f0255732a158b266bc56b21d"
  
  electron-to-chromium@^1.3.62:
    version "1.3.64"
    resolved "https://registry.yarnpkg.com/electron-to-chromium/-/electron-to-chromium-1.3.64.tgz#39f5a93bf84ab7e10cfbb7522ccfc3f1feb756cf"
  
  emojis-list@^2.0.0:
    version "2.1.0"
    resolved "https://registry.yarnpkg.com/emojis-list/-/emojis-list-2.1.0.tgz#4daa4d9db00f9819880c79fa457ae5b09a1fd389"
  
  encodeurl@~1.0.2:
    version "1.0.2"
    resolved "https://registry.yarnpkg.com/encodeurl/-/encodeurl-1.0.2.tgz#ad3ff4c86ec2d029322f5a02c3a9a606c95b3f59"
  
  errno@^0.1.3:
    version "0.1.7"
    resolved "https://registry.yarnpkg.com/errno/-/errno-0.1.7.tgz#4684d71779ad39af177e3f007996f7c67c852618"
    dependencies:
      prr "~1.0.1"
  
  es-abstract@^1.5.1:
    version "1.12.0"
    resolved "https://registry.yarnpkg.com/es-abstract/-/es-abstract-1.12.0.tgz#9dbbdd27c6856f0001421ca18782d786bf8a6165"
    dependencies:
      es-to-primitive "^1.1.1"
      function-bind "^1.1.1"
      has "^1.0.1"
      is-callable "^1.1.3"
      is-regex "^1.0.4"
  
  es-to-primitive@^1.1.1:
    version "1.1.1"
    resolved "https://registry.yarnpkg.com/es-to-primitive/-/es-to-primitive-1.1.1.tgz#45355248a88979034b6792e19bb81f2b7975dd0d"
    dependencies:
      is-callable "^1.1.1"
      is-date-object "^1.0.1"
      is-symbol "^1.0.1"
  
  es6-templates@^0.2.3:
    version "0.2.3"
    resolved "https://registry.yarnpkg.com/es6-templates/-/es6-templates-0.2.3.tgz#5cb9ac9fb1ded6eb1239342b81d792bbb4078ee4"
    dependencies:
      recast "~0.11.12"
      through "~2.3.6"
  
  escape-html@~1.0.3:
    version "1.0.3"
    resolved "https://registry.yarnpkg.com/escape-html/-/escape-html-1.0.3.tgz#0258eae4d3d0c0974de1c169188ef0051d1d1988"
  
  escape-string-regexp@^1.0.2, escape-string-regexp@^1.0.5:
    version "1.0.5"
    resolved "https://registry.yarnpkg.com/escape-string-regexp/-/escape-string-regexp-1.0.5.tgz#1b61c0562190a8dff6ae3bb2cf0200ca130b86d4"
  
  esprima@~3.1.0:
    version "3.1.3"
    resolved "https://registry.yarnpkg.com/esprima/-/esprima-3.1.3.tgz#fdca51cee6133895e3c88d535ce49dbff62a4633"
  
  esutils@^2.0.2:
    version "2.0.2"
    resolved "https://registry.yarnpkg.com/esutils/-/esutils-2.0.2.tgz#0abf4f1caa5bcb1f7a9d8acc6dea4faaa04bac9b"
  
  etag@~1.8.1:
    version "1.8.1"
    resolved "https://registry.yarnpkg.com/etag/-/etag-1.8.1.tgz#41ae2eeb65efa62268aebfea83ac7d79299b0887"
  
  express@^4.16.3:
    version "4.16.3"
    resolved "http://registry.npmjs.org/express/-/express-4.16.3.tgz#6af8a502350db3246ecc4becf6b5a34d22f7ed53"
    dependencies:
      accepts "~1.3.5"
      array-flatten "1.1.1"
      body-parser "1.18.2"
      content-disposition "0.5.2"
      content-type "~1.0.4"
      cookie "0.3.1"
      cookie-signature "1.0.6"
      debug "2.6.9"
      depd "~1.1.2"
      encodeurl "~1.0.2"
      escape-html "~1.0.3"
      etag "~1.8.1"
      finalhandler "1.1.1"
      fresh "0.5.2"
      merge-descriptors "1.0.1"
      methods "~1.1.2"
      on-finished "~2.3.0"
      parseurl "~1.3.2"
      path-to-regexp "0.1.7"
      proxy-addr "~2.0.3"
      qs "6.5.1"
      range-parser "~1.2.0"
      safe-buffer "5.1.1"
      send "0.16.2"
      serve-static "1.13.2"
      setprototypeof "1.1.0"
      statuses "~1.4.0"
      type-is "~1.6.16"
      utils-merge "1.0.1"
      vary "~1.1.2"
  
  extract-loader@^3.0.0:
    version "3.0.0"
    resolved "https://registry.yarnpkg.com/extract-loader/-/extract-loader-3.0.0.tgz#7698047c72af59dedeafc821a64c417d662c3068"
    dependencies:
      babel-runtime "^6.26.0"
      btoa "^1.2.1"
      loader-utils "^1.1.0"
      resolve "^1.8.1"
  
  fast-deep-equal@^2.0.1:
    version "2.0.1"
    resolved "https://registry.yarnpkg.com/fast-deep-equal/-/fast-deep-equal-2.0.1.tgz#7b05218ddf9667bf7f370bf7fdb2cb15fdd0aa49"
  
  fast-json-stable-stringify@^2.0.0:
    version "2.0.0"
    resolved "https://registry.yarnpkg.com/fast-json-stable-stringify/-/fast-json-stable-stringify-2.0.0.tgz#d5142c0caee6b1189f87d3a76111064f86c8bbf2"
  
  fastparse@^1.1.1:
    version "1.1.1"
    resolved "https://registry.yarnpkg.com/fastparse/-/fastparse-1.1.1.tgz#d1e2643b38a94d7583b479060e6c4affc94071f8"
  
  file-loader@^2.0.0:
    version "2.0.0"
    resolved "https://registry.yarnpkg.com/file-loader/-/file-loader-2.0.0.tgz#39749c82f020b9e85901dcff98e8004e6401cfde"
    dependencies:
      loader-utils "^1.0.2"
      schema-utils "^1.0.0"
  
  finalhandler@1.1.1:
    version "1.1.1"
    resolved "https://registry.yarnpkg.com/finalhandler/-/finalhandler-1.1.1.tgz#eebf4ed840079c83f4249038c9d703008301b105"
    dependencies:
      debug "2.6.9"
      encodeurl "~1.0.2"
      escape-html "~1.0.3"
      on-finished "~2.3.0"
      parseurl "~1.3.2"
      statuses "~1.4.0"
      unpipe "~1.0.0"
  
  find-cache-dir@^1.0.0:
    version "1.0.0"
    resolved "https://registry.yarnpkg.com/find-cache-dir/-/find-cache-dir-1.0.0.tgz#9288e3e9e3cc3748717d39eade17cf71fc30ee6f"
    dependencies:
      commondir "^1.0.1"
      make-dir "^1.0.0"
      pkg-dir "^2.0.0"
  
  find-up@^2.1.0:
    version "2.1.0"
    resolved "https://registry.yarnpkg.com/find-up/-/find-up-2.1.0.tgz#45d1b7e506c717ddd482775a2b77920a3c0c57a7"
    dependencies:
      locate-path "^2.0.0"
  
  forwarded@~0.1.2:
    version "0.1.2"
    resolved "https://registry.yarnpkg.com/forwarded/-/forwarded-0.1.2.tgz#98c23dab1175657b8c0573e8ceccd91b0ff18c84"
  
  fresh@0.5.2:
    version "0.5.2"
    resolved "https://registry.yarnpkg.com/fresh/-/fresh-0.5.2.tgz#3d8cadd90d976569fa835ab1f8e4b23a105605a7"
  
  function-bind@^1.1.1:
    version "1.1.1"
    resolved "https://registry.yarnpkg.com/function-bind/-/function-bind-1.1.1.tgz#a56899d3ea3c9bab874bb9773b7c5ede92f4895d"
  
  globals@^11.1.0:
    version "11.7.0"
    resolved "https://registry.yarnpkg.com/globals/-/globals-11.7.0.tgz#a583faa43055b1aca771914bf68258e2fc125673"
  
  globals@^9.18.0:
    version "9.18.0"
    resolved "https://registry.yarnpkg.com/globals/-/globals-9.18.0.tgz#aa3896b3e69b487f17e31ed2143d69a8e30c2d8a"
  
  has-ansi@^2.0.0:
    version "2.0.0"
    resolved "https://registry.yarnpkg.com/has-ansi/-/has-ansi-2.0.0.tgz#34f5049ce1ecdf2b0649af3ef24e45ed35416d91"
    dependencies:
      ansi-regex "^2.0.0"
  
  has-flag@^3.0.0:
    version "3.0.0"
    resolved "https://registry.yarnpkg.com/has-flag/-/has-flag-3.0.0.tgz#b5d454dc2199ae225699f3467e5a07f3b955bafd"
  
  has@^1.0.1:
    version "1.0.3"
    resolved "https://registry.yarnpkg.com/has/-/has-1.0.3.tgz#722d7cbfc1f6aa8241f16dd814e011e1f41e8796"
    dependencies:
      function-bind "^1.1.1"
  
  he@1.1.x:
    version "1.1.1"
    resolved "https://registry.yarnpkg.com/he/-/he-1.1.1.tgz#93410fd21b009735151f8868c2f271f3427e23fd"
  
  home-or-tmp@^2.0.0:
    version "2.0.0"
    resolved "https://registry.yarnpkg.com/home-or-tmp/-/home-or-tmp-2.0.0.tgz#e36c3f2d2cae7d746a857e38d18d5f32a7882db8"
    dependencies:
      os-homedir "^1.0.0"
      os-tmpdir "^1.0.1"
  
  html-loader@^0.5.5:
    version "0.5.5"
    resolved "https://registry.yarnpkg.com/html-loader/-/html-loader-0.5.5.tgz#6356dbeb0c49756d8ebd5ca327f16ff06ab5faea"
    dependencies:
      es6-templates "^0.2.3"
      fastparse "^1.1.1"
      html-minifier "^3.5.8"
      loader-utils "^1.1.0"
      object-assign "^4.1.1"
  
  html-minifier@^3.5.8:
    version "3.5.20"
    resolved "https://registry.yarnpkg.com/html-minifier/-/html-minifier-3.5.20.tgz#7b19fd3caa0cb79f7cde5ee5c3abdf8ecaa6bb14"
    dependencies:
      camel-case "3.0.x"
      clean-css "4.2.x"
      commander "2.17.x"
      he "1.1.x"
      param-case "2.1.x"
      relateurl "0.2.x"
      uglify-js "3.4.x"
  
  http-errors@1.6.2:
    version "1.6.2"
    resolved "https://registry.yarnpkg.com/http-errors/-/http-errors-1.6.2.tgz#0a002cc85707192a7e7946ceedc11155f60ec736"
    dependencies:
      depd "1.1.1"
      inherits "2.0.3"
      setprototypeof "1.0.3"
      statuses ">= 1.3.1 < 2"
  
  http-errors@~1.6.2:
    version "1.6.3"
    resolved "http://registry.npmjs.org/http-errors/-/http-errors-1.6.3.tgz#8b55680bb4be283a0b5bf4ea2e38580be1d9320d"
    dependencies:
      depd "~1.1.2"
      inherits "2.0.3"
      setprototypeof "1.1.0"
      statuses ">= 1.4.0 < 2"
  
  iconv-lite@0.4.19:
    version "0.4.19"
    resolved "https://registry.yarnpkg.com/iconv-lite/-/iconv-lite-0.4.19.tgz#f7468f60135f5e5dad3399c0a81be9a1603a082b"
  
  icss-replace-symbols@^1.1.0:
    version "1.1.0"
    resolved "https://registry.yarnpkg.com/icss-replace-symbols/-/icss-replace-symbols-1.1.0.tgz#06ea6f83679a7749e386cfe1fe812ae5db223ded"
  
  icss-utils@^2.1.0:
    version "2.1.0"
    resolved "https://registry.yarnpkg.com/icss-utils/-/icss-utils-2.1.0.tgz#83f0a0ec378bf3246178b6c2ad9136f135b1c962"
    dependencies:
      postcss "^6.0.1"
  
  inherits@2.0.3, inherits@~2.0.3:
    version "2.0.3"
    resolved "https://registry.yarnpkg.com/inherits/-/inherits-2.0.3.tgz#633c2c83e3da42a502f52466022480f4208261de"
  
  invariant@^2.2.2:
    version "2.2.4"
    resolved "https://registry.yarnpkg.com/invariant/-/invariant-2.2.4.tgz#610f3c92c9359ce1db616e538008d23ff35158e6"
    dependencies:
      loose-envify "^1.0.0"
  
  ipaddr.js@1.8.0:
    version "1.8.0"
    resolved "https://registry.yarnpkg.com/ipaddr.js/-/ipaddr.js-1.8.0.tgz#eaa33d6ddd7ace8f7f6fe0c9ca0440e706738b1e"
  
  is-callable@^1.1.1, is-callable@^1.1.3:
    version "1.1.4"
    resolved "https://registry.yarnpkg.com/is-callable/-/is-callable-1.1.4.tgz#1e1adf219e1eeb684d691f9d6a05ff0d30a24d75"
  
  is-date-object@^1.0.1:
    version "1.0.1"
    resolved "https://registry.yarnpkg.com/is-date-object/-/is-date-object-1.0.1.tgz#9aa20eb6aeebbff77fbd33e74ca01b33581d3a16"
  
  is-finite@^1.0.0:
    version "1.0.2"
    resolved "https://registry.yarnpkg.com/is-finite/-/is-finite-1.0.2.tgz#cc6677695602be550ef11e8b4aa6305342b6d0aa"
    dependencies:
      number-is-nan "^1.0.0"
  
  is-regex@^1.0.4:
    version "1.0.4"
    resolved "https://registry.yarnpkg.com/is-regex/-/is-regex-1.0.4.tgz#5517489b547091b0930e095654ced25ee97e9491"
    dependencies:
      has "^1.0.1"
  
  is-symbol@^1.0.1:
    version "1.0.1"
    resolved "https://registry.yarnpkg.com/is-symbol/-/is-symbol-1.0.1.tgz#3cc59f00025194b6ab2e38dbae6689256b660572"
  
  isarray@~1.0.0:
    version "1.0.0"
    resolved "https://registry.yarnpkg.com/isarray/-/isarray-1.0.0.tgz#bb935d48582cba168c06834957a54a3e07124f11"
  
  js-levenshtein@^1.1.3:
    version "1.1.3"
    resolved "https://registry.yarnpkg.com/js-levenshtein/-/js-levenshtein-1.1.3.tgz#3ef627df48ec8cf24bacf05c0f184ff30ef413c5"
  
  "js-tokens@^3.0.0 || ^4.0.0", js-tokens@^4.0.0:
    version "4.0.0"
    resolved "https://registry.yarnpkg.com/js-tokens/-/js-tokens-4.0.0.tgz#19203fb59991df98e3a287050d4647cdeaf32499"
  
  js-tokens@^3.0.2:
    version "3.0.2"
    resolved "https://registry.yarnpkg.com/js-tokens/-/js-tokens-3.0.2.tgz#9866df395102130e38f7f996bceb65443209c25b"
  
  jsesc@^1.3.0:
    version "1.3.0"
    resolved "https://registry.yarnpkg.com/jsesc/-/jsesc-1.3.0.tgz#46c3fec8c1892b12b0833db9bc7622176dbab34b"
  
  jsesc@^2.5.1:
    version "2.5.1"
    resolved "https://registry.yarnpkg.com/jsesc/-/jsesc-2.5.1.tgz#e421a2a8e20d6b0819df28908f782526b96dd1fe"
  
  jsesc@~0.5.0:
    version "0.5.0"
    resolved "https://registry.yarnpkg.com/jsesc/-/jsesc-0.5.0.tgz#e7dee66e35d6fc16f710fe91d5cf69f70f08911d"
  
  json-schema-traverse@^0.4.1:
    version "0.4.1"
    resolved "https://registry.yarnpkg.com/json-schema-traverse/-/json-schema-traverse-0.4.1.tgz#69f6a87d9513ab8bb8fe63bdb0979c448e684660"
  
  json5@^0.5.0, json5@^0.5.1:
    version "0.5.1"
    resolved "https://registry.yarnpkg.com/json5/-/json5-0.5.1.tgz#1eade7acc012034ad84e2396767ead9fa5495821"
  
  loader-utils@^1.0.2, loader-utils@^1.1.0:
    version "1.1.0"
    resolved "https://registry.yarnpkg.com/loader-utils/-/loader-utils-1.1.0.tgz#c98aef488bcceda2ffb5e2de646d6a754429f5cd"
    dependencies:
      big.js "^3.1.3"
      emojis-list "^2.0.0"
      json5 "^0.5.0"
  
  locate-path@^2.0.0:
    version "2.0.0"
    resolved "https://registry.yarnpkg.com/locate-path/-/locate-path-2.0.0.tgz#2b568b265eec944c6d9c0de9c3dbbbca0354cd8e"
    dependencies:
      p-locate "^2.0.0"
      path-exists "^3.0.0"
  
  lodash.camelcase@^4.3.0:
    version "4.3.0"
    resolved "https://registry.yarnpkg.com/lodash.camelcase/-/lodash.camelcase-4.3.0.tgz#b28aa6288a2b9fc651035c7711f65ab6190331a6"
  
  lodash@^4.17.10, lodash@^4.17.4:
    version "4.17.10"
    resolved "https://registry.yarnpkg.com/lodash/-/lodash-4.17.10.tgz#1b7793cf7259ea38fb3661d4d38b3260af8ae4e7"
  
  loose-envify@^1.0.0:
    version "1.4.0"
    resolved "https://registry.yarnpkg.com/loose-envify/-/loose-envify-1.4.0.tgz#71ee51fa7be4caec1a63839f7e682d8132d30caf"
    dependencies:
      js-tokens "^3.0.0 || ^4.0.0"
  
  loud-rejection@^1.6.0:
    version "1.6.0"
    resolved "https://registry.yarnpkg.com/loud-rejection/-/loud-rejection-1.6.0.tgz#5b46f80147edee578870f086d04821cf998e551f"
    dependencies:
      currently-unhandled "^0.4.1"
      signal-exit "^3.0.0"
  
  lower-case@^1.1.1:
    version "1.1.4"
    resolved "https://registry.yarnpkg.com/lower-case/-/lower-case-1.1.4.tgz#9a2cabd1b9e8e0ae993a4bf7d5875c39c42e8eac"
  
  make-dir@^1.0.0:
    version "1.3.0"
    resolved "https://registry.yarnpkg.com/make-dir/-/make-dir-1.3.0.tgz#79c1033b80515bd6d24ec9933e860ca75ee27f0c"
    dependencies:
      pify "^3.0.0"
  
  media-typer@0.3.0:
    version "0.3.0"
    resolved "https://registry.yarnpkg.com/media-typer/-/media-typer-0.3.0.tgz#8710d7af0aa626f8fffa1ce00168545263255748"
  
  memory-fs@~0.4.1:
    version "0.4.1"
    resolved "https://registry.yarnpkg.com/memory-fs/-/memory-fs-0.4.1.tgz#3a9a20b8462523e447cfbc7e8bb80ed667bfc552"
    dependencies:
      errno "^0.1.3"
      readable-stream "^2.0.1"
  
  merge-descriptors@1.0.1:
    version "1.0.1"
    resolved "https://registry.yarnpkg.com/merge-descriptors/-/merge-descriptors-1.0.1.tgz#b00aaa556dd8b44568150ec9d1b953f3f90cbb61"
  
  methods@~1.1.2:
    version "1.1.2"
    resolved "https://registry.yarnpkg.com/methods/-/methods-1.1.2.tgz#5529a4d67654134edcc5266656835b0f851afcee"
  
  mime-db@~1.36.0:
    version "1.36.0"
    resolved "https://registry.yarnpkg.com/mime-db/-/mime-db-1.36.0.tgz#5020478db3c7fe93aad7bbcc4dcf869c43363397"
  
  mime-types@~2.1.18:
    version "2.1.20"
    resolved "https://registry.yarnpkg.com/mime-types/-/mime-types-2.1.20.tgz#930cb719d571e903738520f8470911548ca2cc19"
    dependencies:
      mime-db "~1.36.0"
  
  mime@1.4.1:
    version "1.4.1"
    resolved "https://registry.yarnpkg.com/mime/-/mime-1.4.1.tgz#121f9ebc49e3766f311a76e1fa1c8003c4b03aa6"
  
  mime@^2.3.1:
    version "2.3.1"
    resolved "https://registry.yarnpkg.com/mime/-/mime-2.3.1.tgz#b1621c54d63b97c47d3cfe7f7215f7d64517c369"
  
  minimatch@^3.0.4:
    version "3.0.4"
    resolved "https://registry.yarnpkg.com/minimatch/-/minimatch-3.0.4.tgz#5166e286457f03306064be5497e8dbb0c3d32083"
    dependencies:
      brace-expansion "^1.1.7"
  
  minimist@0.0.8:
    version "0.0.8"
    resolved "http://registry.npmjs.org/minimist/-/minimist-0.0.8.tgz#857fcabfc3397d2625b8228262e86aa7a011b05d"
  
  mkdirp@^0.5.1:
    version "0.5.1"
    resolved "http://registry.npmjs.org/mkdirp/-/mkdirp-0.5.1.tgz#30057438eac6cf7f8c4767f38648d6697d75c903"
    dependencies:
      minimist "0.0.8"
  
  ms@2.0.0:
    version "2.0.0"
    resolved "https://registry.yarnpkg.com/ms/-/ms-2.0.0.tgz#5608aeadfc00be6c2901df5f9861788de0d597c8"
  
  negotiator@0.6.1:
    version "0.6.1"
    resolved "https://registry.yarnpkg.com/negotiator/-/negotiator-0.6.1.tgz#2b327184e8992101177b28563fb5e7102acd0ca9"
  
  no-case@^2.2.0:
    version "2.3.2"
    resolved "https://registry.yarnpkg.com/no-case/-/no-case-2.3.2.tgz#60b813396be39b3f1288a4c1ed5d1e7d28b464ac"
    dependencies:
      lower-case "^1.1.1"
  
  node-releases@^1.0.0-alpha.11:
    version "1.0.0-alpha.11"
    resolved "https://registry.yarnpkg.com/node-releases/-/node-releases-1.0.0-alpha.11.tgz#73c810acc2e5b741a17ddfbb39dfca9ab9359d8a"
    dependencies:
      semver "^5.3.0"
  
  number-is-nan@^1.0.0:
    version "1.0.1"
    resolved "https://registry.yarnpkg.com/number-is-nan/-/number-is-nan-1.0.1.tgz#097b602b53422a522c1afb8790318336941a011d"
  
  object-assign@^4.1.1:
    version "4.1.1"
    resolved "https://registry.yarnpkg.com/object-assign/-/object-assign-4.1.1.tgz#2109adc7965887cfc05cbbd442cac8bfbb360863"
  
  object-keys@^1.0.12:
    version "1.0.12"
    resolved "https://registry.yarnpkg.com/object-keys/-/object-keys-1.0.12.tgz#09c53855377575310cca62f55bb334abff7b3ed2"
  
  object.getownpropertydescriptors@^2.0.3:
    version "2.0.3"
    resolved "https://registry.yarnpkg.com/object.getownpropertydescriptors/-/object.getownpropertydescriptors-2.0.3.tgz#8758c846f5b407adab0f236e0986f14b051caa16"
    dependencies:
      define-properties "^1.1.2"
      es-abstract "^1.5.1"
  
  on-finished@~2.3.0:
    version "2.3.0"
    resolved "https://registry.yarnpkg.com/on-finished/-/on-finished-2.3.0.tgz#20f1336481b083cd75337992a16971aa2d906947"
    dependencies:
      ee-first "1.1.1"
  
  os-homedir@^1.0.0:
    version "1.0.2"
    resolved "https://registry.yarnpkg.com/os-homedir/-/os-homedir-1.0.2.tgz#ffbc4988336e0e833de0c168c7ef152121aa7fb3"
  
  os-tmpdir@^1.0.1:
    version "1.0.2"
    resolved "https://registry.yarnpkg.com/os-tmpdir/-/os-tmpdir-1.0.2.tgz#bbe67406c79aa85c5cfec766fe5734555dfa1274"
  
  p-limit@^1.1.0:
    version "1.3.0"
    resolved "https://registry.yarnpkg.com/p-limit/-/p-limit-1.3.0.tgz#b86bd5f0c25690911c7590fcbfc2010d54b3ccb8"
    dependencies:
      p-try "^1.0.0"
  
  p-locate@^2.0.0:
    version "2.0.0"
    resolved "https://registry.yarnpkg.com/p-locate/-/p-locate-2.0.0.tgz#20a0103b222a70c8fd39cc2e580680f3dde5ec43"
    dependencies:
      p-limit "^1.1.0"
  
  p-try@^1.0.0:
    version "1.0.0"
    resolved "https://registry.yarnpkg.com/p-try/-/p-try-1.0.0.tgz#cbc79cdbaf8fd4228e13f621f2b1a237c1b207b3"
  
  param-case@2.1.x:
    version "2.1.1"
    resolved "https://registry.yarnpkg.com/param-case/-/param-case-2.1.1.tgz#df94fd8cf6531ecf75e6bef9a0858fbc72be2247"
    dependencies:
      no-case "^2.2.0"
  
  parseurl@~1.3.2:
    version "1.3.2"
    resolved "https://registry.yarnpkg.com/parseurl/-/parseurl-1.3.2.tgz#fc289d4ed8993119460c156253262cdc8de65bf3"
  
  path-exists@^3.0.0:
    version "3.0.0"
    resolved "https://registry.yarnpkg.com/path-exists/-/path-exists-3.0.0.tgz#ce0ebeaa5f78cb18925ea7d810d7b59b010fd515"
  
  path-is-absolute@^1.0.0, path-is-absolute@^1.0.1:
    version "1.0.1"
    resolved "https://registry.yarnpkg.com/path-is-absolute/-/path-is-absolute-1.0.1.tgz#174b9268735534ffbc7ace6bf53a5a9e1b5c5f5f"
  
  path-parse@^1.0.5:
    version "1.0.6"
    resolved "https://registry.yarnpkg.com/path-parse/-/path-parse-1.0.6.tgz#d62dbb5679405d72c4737ec58600e9ddcf06d24c"
  
  path-to-regexp@0.1.7:
    version "0.1.7"
    resolved "https://registry.yarnpkg.com/path-to-regexp/-/path-to-regexp-0.1.7.tgz#df604178005f522f15eb4490e7247a1bfaa67f8c"
  
  pify@^3.0.0:
    version "3.0.0"
    resolved "https://registry.yarnpkg.com/pify/-/pify-3.0.0.tgz#e5a4acd2c101fdf3d9a4d07f0dbc4db49dd28176"
  
  pkg-dir@^2.0.0:
    version "2.0.0"
    resolved "https://registry.yarnpkg.com/pkg-dir/-/pkg-dir-2.0.0.tgz#f6d5d1109e19d63edf428e0bd57e12777615334b"
    dependencies:
      find-up "^2.1.0"
  
  postcss-modules-extract-imports@^1.2.0:
    version "1.2.0"
    resolved "https://registry.yarnpkg.com/postcss-modules-extract-imports/-/postcss-modules-extract-imports-1.2.0.tgz#66140ecece38ef06bf0d3e355d69bf59d141ea85"
    dependencies:
      postcss "^6.0.1"
  
  postcss-modules-local-by-default@^1.2.0:
    version "1.2.0"
    resolved "https://registry.yarnpkg.com/postcss-modules-local-by-default/-/postcss-modules-local-by-default-1.2.0.tgz#f7d80c398c5a393fa7964466bd19500a7d61c069"
    dependencies:
      css-selector-tokenizer "^0.7.0"
      postcss "^6.0.1"
  
  postcss-modules-scope@^1.1.0:
    version "1.1.0"
    resolved "https://registry.yarnpkg.com/postcss-modules-scope/-/postcss-modules-scope-1.1.0.tgz#d6ea64994c79f97b62a72b426fbe6056a194bb90"
    dependencies:
      css-selector-tokenizer "^0.7.0"
      postcss "^6.0.1"
  
  postcss-modules-values@^1.3.0:
    version "1.3.0"
    resolved "https://registry.yarnpkg.com/postcss-modules-values/-/postcss-modules-values-1.3.0.tgz#ecffa9d7e192518389f42ad0e83f72aec456ea20"
    dependencies:
      icss-replace-symbols "^1.1.0"
      postcss "^6.0.1"
  
  postcss-value-parser@^3.3.0:
    version "3.3.0"
    resolved "https://registry.yarnpkg.com/postcss-value-parser/-/postcss-value-parser-3.3.0.tgz#87f38f9f18f774a4ab4c8a232f5c5ce8872a9d15"
  
  postcss@^6.0.1, postcss@^6.0.23:
    version "6.0.23"
    resolved "https://registry.yarnpkg.com/postcss/-/postcss-6.0.23.tgz#61c82cc328ac60e677645f979054eb98bc0e3324"
    dependencies:
      chalk "^2.4.1"
      source-map "^0.6.1"
      supports-color "^5.4.0"
  
  private@^0.1.6, private@^0.1.8, private@~0.1.5:
    version "0.1.8"
    resolved "https://registry.yarnpkg.com/private/-/private-0.1.8.tgz#2381edb3689f7a53d653190060fcf822d2f368ff"
  
  process-nextick-args@~2.0.0:
    version "2.0.0"
    resolved "https://registry.yarnpkg.com/process-nextick-args/-/process-nextick-args-2.0.0.tgz#a37d732f4271b4ab1ad070d35508e8290788ffaa"
  
  proxy-addr@~2.0.3:
    version "2.0.4"
    resolved "https://registry.yarnpkg.com/proxy-addr/-/proxy-addr-2.0.4.tgz#ecfc733bf22ff8c6f407fa275327b9ab67e48b93"
    dependencies:
      forwarded "~0.1.2"
      ipaddr.js "1.8.0"
  
  prr@~1.0.1:
    version "1.0.1"
    resolved "https://registry.yarnpkg.com/prr/-/prr-1.0.1.tgz#d3fc114ba06995a45ec6893f484ceb1d78f5f476"
  
  punycode@^2.1.0:
    version "2.1.1"
    resolved "https://registry.yarnpkg.com/punycode/-/punycode-2.1.1.tgz#b58b010ac40c22c5657616c8d2c2c02c7bf479ec"
  
  qs@6.5.1:
    version "6.5.1"
    resolved "https://registry.yarnpkg.com/qs/-/qs-6.5.1.tgz#349cdf6eef89ec45c12d7d5eb3fc0c870343a6d8"
  
  range-parser@^1.0.3, range-parser@~1.2.0:
    version "1.2.0"
    resolved "https://registry.yarnpkg.com/range-parser/-/range-parser-1.2.0.tgz#f49be6b487894ddc40dcc94a322f611092e00d5e"
  
  raw-body@2.3.2:
    version "2.3.2"
    resolved "https://registry.yarnpkg.com/raw-body/-/raw-body-2.3.2.tgz#bcd60c77d3eb93cde0050295c3f379389bc88f89"
    dependencies:
      bytes "3.0.0"
      http-errors "1.6.2"
      iconv-lite "0.4.19"
      unpipe "1.0.0"
  
  readable-stream@^2.0.1:
    version "2.3.6"
    resolved "https://registry.yarnpkg.com/readable-stream/-/readable-stream-2.3.6.tgz#b11c27d88b8ff1fbe070643cf94b0c79ae1b0aaf"
    dependencies:
      core-util-is "~1.0.0"
      inherits "~2.0.3"
      isarray "~1.0.0"
      process-nextick-args "~2.0.0"
      safe-buffer "~5.1.1"
      string_decoder "~1.1.1"
      util-deprecate "~1.0.1"
  
  recast@~0.11.12:
    version "0.11.23"
    resolved "https://registry.yarnpkg.com/recast/-/recast-0.11.23.tgz#451fd3004ab1e4df9b4e4b66376b2a21912462d3"
    dependencies:
      ast-types "0.9.6"
      esprima "~3.1.0"
      private "~0.1.5"
      source-map "~0.5.0"
  
  regenerate-unicode-properties@^7.0.0:
    version "7.0.0"
    resolved "https://registry.yarnpkg.com/regenerate-unicode-properties/-/regenerate-unicode-properties-7.0.0.tgz#107405afcc4a190ec5ed450ecaa00ed0cafa7a4c"
    dependencies:
      regenerate "^1.4.0"
  
  regenerate@^1.2.1, regenerate@^1.4.0:
    version "1.4.0"
    resolved "https://registry.yarnpkg.com/regenerate/-/regenerate-1.4.0.tgz#4a856ec4b56e4077c557589cae85e7a4c8869a11"
  
  regenerator-runtime@^0.11.0:
    version "0.11.1"
    resolved "https://registry.yarnpkg.com/regenerator-runtime/-/regenerator-runtime-0.11.1.tgz#be05ad7f9bf7d22e056f9726cee5017fbf19e2e9"
  
  regenerator-transform@^0.13.3:
    version "0.13.3"
    resolved "https://registry.yarnpkg.com/regenerator-transform/-/regenerator-transform-0.13.3.tgz#264bd9ff38a8ce24b06e0636496b2c856b57bcbb"
    dependencies:
      private "^0.1.6"
  
  regexpu-core@^1.0.0:
    version "1.0.0"
    resolved "https://registry.yarnpkg.com/regexpu-core/-/regexpu-core-1.0.0.tgz#86a763f58ee4d7c2f6b102e4764050de7ed90c6b"
    dependencies:
      regenerate "^1.2.1"
      regjsgen "^0.2.0"
      regjsparser "^0.1.4"
  
  regexpu-core@^4.1.3, regexpu-core@^4.2.0:
    version "4.2.0"
    resolved "https://registry.yarnpkg.com/regexpu-core/-/regexpu-core-4.2.0.tgz#a3744fa03806cffe146dea4421a3e73bdcc47b1d"
    dependencies:
      regenerate "^1.4.0"
      regenerate-unicode-properties "^7.0.0"
      regjsgen "^0.4.0"
      regjsparser "^0.3.0"
      unicode-match-property-ecmascript "^1.0.4"
      unicode-match-property-value-ecmascript "^1.0.2"
  
  regjsgen@^0.2.0:
    version "0.2.0"
    resolved "https://registry.yarnpkg.com/regjsgen/-/regjsgen-0.2.0.tgz#6c016adeac554f75823fe37ac05b92d5a4edb1f7"
  
  regjsgen@^0.4.0:
    version "0.4.0"
    resolved "https://registry.yarnpkg.com/regjsgen/-/regjsgen-0.4.0.tgz#c1eb4c89a209263f8717c782591523913ede2561"
  
  regjsparser@^0.1.4:
    version "0.1.5"
    resolved "https://registry.yarnpkg.com/regjsparser/-/regjsparser-0.1.5.tgz#7ee8f84dc6fa792d3fd0ae228d24bd949ead205c"
    dependencies:
      jsesc "~0.5.0"
  
  regjsparser@^0.3.0:
    version "0.3.0"
    resolved "https://registry.yarnpkg.com/regjsparser/-/regjsparser-0.3.0.tgz#3c326da7fcfd69fa0d332575a41c8c0cdf588c96"
    dependencies:
      jsesc "~0.5.0"
  
  relateurl@0.2.x:
    version "0.2.7"
    resolved "https://registry.yarnpkg.com/relateurl/-/relateurl-0.2.7.tgz#54dbf377e51440aca90a4cd274600d3ff2d888a9"
  
  repeating@^2.0.0:
    version "2.0.1"
    resolved "https://registry.yarnpkg.com/repeating/-/repeating-2.0.1.tgz#5214c53a926d3552707527fbab415dbc08d06dda"
    dependencies:
      is-finite "^1.0.0"
  
  resolve@^1.3.2, resolve@^1.8.1:
    version "1.8.1"
    resolved "https://registry.yarnpkg.com/resolve/-/resolve-1.8.1.tgz#82f1ec19a423ac1fbd080b0bab06ba36e84a7a26"
    dependencies:
      path-parse "^1.0.5"
  
  safe-buffer@5.1.1:
    version "5.1.1"
    resolved "https://registry.yarnpkg.com/safe-buffer/-/safe-buffer-5.1.1.tgz#893312af69b2123def71f57889001671eeb2c853"
  
  safe-buffer@~5.1.0, safe-buffer@~5.1.1:
    version "5.1.2"
    resolved "https://registry.yarnpkg.com/safe-buffer/-/safe-buffer-5.1.2.tgz#991ec69d296e0313747d59bdfd2b745c35f8828d"
  
  schema-utils@^0.4.5:
    version "0.4.7"
    resolved "https://registry.yarnpkg.com/schema-utils/-/schema-utils-0.4.7.tgz#ba74f597d2be2ea880131746ee17d0a093c68187"
    dependencies:
      ajv "^6.1.0"
      ajv-keywords "^3.1.0"
  
  schema-utils@^1.0.0:
    version "1.0.0"
    resolved "https://registry.yarnpkg.com/schema-utils/-/schema-utils-1.0.0.tgz#0b79a93204d7b600d4b2850d1f66c2a34951c770"
    dependencies:
      ajv "^6.1.0"
      ajv-errors "^1.0.0"
      ajv-keywords "^3.1.0"
  
  semver@^5.3.0, semver@^5.4.1:
    version "5.5.1"
    resolved "https://registry.yarnpkg.com/semver/-/semver-5.5.1.tgz#7dfdd8814bdb7cabc7be0fb1d734cfb66c940477"
  
  send@0.16.2:
    version "0.16.2"
    resolved "https://registry.yarnpkg.com/send/-/send-0.16.2.tgz#6ecca1e0f8c156d141597559848df64730a6bbc1"
    dependencies:
      debug "2.6.9"
      depd "~1.1.2"
      destroy "~1.0.4"
      encodeurl "~1.0.2"
      escape-html "~1.0.3"
      etag "~1.8.1"
      fresh "0.5.2"
      http-errors "~1.6.2"
      mime "1.4.1"
      ms "2.0.0"
      on-finished "~2.3.0"
      range-parser "~1.2.0"
      statuses "~1.4.0"
  
  serve-static@1.13.2:
    version "1.13.2"
    resolved "https://registry.yarnpkg.com/serve-static/-/serve-static-1.13.2.tgz#095e8472fd5b46237db50ce486a43f4b86c6cec1"
    dependencies:
      encodeurl "~1.0.2"
      escape-html "~1.0.3"
      parseurl "~1.3.2"
      send "0.16.2"
  
  setprototypeof@1.0.3:
    version "1.0.3"
    resolved "https://registry.yarnpkg.com/setprototypeof/-/setprototypeof-1.0.3.tgz#66567e37043eeb4f04d91bd658c0cbefb55b8e04"
  
  setprototypeof@1.1.0:
    version "1.1.0"
    resolved "https://registry.yarnpkg.com/setprototypeof/-/setprototypeof-1.1.0.tgz#d0bd85536887b6fe7c0d818cb962d9d91c54e656"
  
  signal-exit@^3.0.0:
    version "3.0.2"
    resolved "https://registry.yarnpkg.com/signal-exit/-/signal-exit-3.0.2.tgz#b5fdc08f1287ea1178628e415e25132b73646c6d"
  
  slash@^1.0.0:
    version "1.0.0"
    resolved "https://registry.yarnpkg.com/slash/-/slash-1.0.0.tgz#c41f2f6c39fc16d1cd17ad4b5d896114ae470d55"
  
  source-list-map@^2.0.0:
    version "2.0.0"
    resolved "https://registry.yarnpkg.com/source-list-map/-/source-list-map-2.0.0.tgz#aaa47403f7b245a92fbc97ea08f250d6087ed085"
  
  source-map-support@^0.4.15:
    version "0.4.18"
    resolved "https://registry.yarnpkg.com/source-map-support/-/source-map-support-0.4.18.tgz#0286a6de8be42641338594e97ccea75f0a2c585f"
    dependencies:
      source-map "^0.5.6"
  
  source-map@^0.5.0, source-map@^0.5.6, source-map@^0.5.7, source-map@~0.5.0:
    version "0.5.7"
    resolved "https://registry.yarnpkg.com/source-map/-/source-map-0.5.7.tgz#8a039d2d1021d22d1ea14c80d8ea468ba2ef3fcc"
  
  source-map@^0.6.1, source-map@~0.6.0, source-map@~0.6.1:
    version "0.6.1"
    resolved "https://registry.yarnpkg.com/source-map/-/source-map-0.6.1.tgz#74722af32e9614e9c287a8d0bbde48b5e2f1a263"
  
  "statuses@>= 1.3.1 < 2", "statuses@>= 1.4.0 < 2":
    version "1.5.0"
    resolved "https://registry.yarnpkg.com/statuses/-/statuses-1.5.0.tgz#161c7dac177659fd9811f43771fa99381478628c"
  
  statuses@~1.4.0:
    version "1.4.0"
    resolved "https://registry.yarnpkg.com/statuses/-/statuses-1.4.0.tgz#bb73d446da2796106efcc1b601a253d6c46bd087"
  
  string_decoder@~1.1.1:
    version "1.1.1"
    resolved "https://registry.yarnpkg.com/string_decoder/-/string_decoder-1.1.1.tgz#9cf1611ba62685d7030ae9e4ba34149c3af03fc8"
    dependencies:
      safe-buffer "~5.1.0"
  
  strip-ansi@^3.0.0:
    version "3.0.1"
    resolved "https://registry.yarnpkg.com/strip-ansi/-/strip-ansi-3.0.1.tgz#6a385fb8853d952d5ff05d0e8aaf94278dc63dcf"
    dependencies:
      ansi-regex "^2.0.0"
  
  style-loader@^0.23.0:
    version "0.23.0"
    resolved "https://registry.yarnpkg.com/style-loader/-/style-loader-0.23.0.tgz#8377fefab68416a2e05f1cabd8c3a3acfcce74f1"
    dependencies:
      loader-utils "^1.1.0"
      schema-utils "^0.4.5"
  
  supports-color@^2.0.0:
    version "2.0.0"
    resolved "https://registry.yarnpkg.com/supports-color/-/supports-color-2.0.0.tgz#535d045ce6b6363fa40117084629995e9df324c7"
  
  supports-color@^5.3.0, supports-color@^5.4.0:
    version "5.5.0"
    resolved "https://registry.yarnpkg.com/supports-color/-/supports-color-5.5.0.tgz#e2e69a44ac8772f78a1ec0b35b689df6530efc8f"
    dependencies:
      has-flag "^3.0.0"
  
  through@~2.3.6:
    version "2.3.8"
    resolved "https://registry.yarnpkg.com/through/-/through-2.3.8.tgz#0dd4c9ffaabc357960b1b724115d7e0e86a2e1f5"
  
  to-fast-properties@^1.0.3:
    version "1.0.3"
    resolved "https://registry.yarnpkg.com/to-fast-properties/-/to-fast-properties-1.0.3.tgz#b83571fa4d8c25b82e231b06e3a3055de4ca1a47"
  
  to-fast-properties@^2.0.0:
    version "2.0.0"
    resolved "https://registry.yarnpkg.com/to-fast-properties/-/to-fast-properties-2.0.0.tgz#dc5e698cbd079265bc73e0377681a4e4e83f616e"
  
  trim-right@^1.0.1:
    version "1.0.1"
    resolved "https://registry.yarnpkg.com/trim-right/-/trim-right-1.0.1.tgz#cb2e1203067e0c8de1f614094b9fe45704ea6003"
  
  type-is@~1.6.15, type-is@~1.6.16:
    version "1.6.16"
    resolved "https://registry.yarnpkg.com/type-is/-/type-is-1.6.16.tgz#f89ce341541c672b25ee7ae3c73dee3b2be50194"
    dependencies:
      media-typer "0.3.0"
      mime-types "~2.1.18"
  
  uglify-js@3.4.x:
    version "3.4.9"
    resolved "https://registry.yarnpkg.com/uglify-js/-/uglify-js-3.4.9.tgz#af02f180c1207d76432e473ed24a28f4a782bae3"
    dependencies:
      commander "~2.17.1"
      source-map "~0.6.1"
  
  unicode-canonical-property-names-ecmascript@^1.0.4:
    version "1.0.4"
    resolved "https://registry.yarnpkg.com/unicode-canonical-property-names-ecmascript/-/unicode-canonical-property-names-ecmascript-1.0.4.tgz#2619800c4c825800efdd8343af7dd9933cbe2818"
  
  unicode-match-property-ecmascript@^1.0.4:
    version "1.0.4"
    resolved "https://registry.yarnpkg.com/unicode-match-property-ecmascript/-/unicode-match-property-ecmascript-1.0.4.tgz#8ed2a32569961bce9227d09cd3ffbb8fed5f020c"
    dependencies:
      unicode-canonical-property-names-ecmascript "^1.0.4"
      unicode-property-aliases-ecmascript "^1.0.4"
  
  unicode-match-property-value-ecmascript@^1.0.2:
    version "1.0.2"
    resolved "https://registry.yarnpkg.com/unicode-match-property-value-ecmascript/-/unicode-match-property-value-ecmascript-1.0.2.tgz#9f1dc76926d6ccf452310564fd834ace059663d4"
  
  unicode-property-aliases-ecmascript@^1.0.4:
    version "1.0.4"
    resolved "https://registry.yarnpkg.com/unicode-property-aliases-ecmascript/-/unicode-property-aliases-ecmascript-1.0.4.tgz#5a533f31b4317ea76f17d807fa0d116546111dd0"
  
  unpipe@1.0.0, unpipe@~1.0.0:
    version "1.0.0"
    resolved "https://registry.yarnpkg.com/unpipe/-/unpipe-1.0.0.tgz#b2bf4ee8514aae6165b4817829d21b2ef49904ec"
  
  upper-case@^1.1.1:
    version "1.1.3"
    resolved "https://registry.yarnpkg.com/upper-case/-/upper-case-1.1.3.tgz#f6b4501c2ec4cdd26ba78be7222961de77621598"
  
  uri-js@^4.2.2:
    version "4.2.2"
    resolved "https://registry.yarnpkg.com/uri-js/-/uri-js-4.2.2.tgz#94c540e1ff772956e2299507c010aea6c8838eb0"
    dependencies:
      punycode "^2.1.0"
  
  url-join@^4.0.0:
    version "4.0.0"
    resolved "https://registry.yarnpkg.com/url-join/-/url-join-4.0.0.tgz#4d3340e807d3773bda9991f8305acdcc2a665d2a"
  
  util-deprecate@~1.0.1:
    version "1.0.2"
    resolved "https://registry.yarnpkg.com/util-deprecate/-/util-deprecate-1.0.2.tgz#450d4dc9fa70de732762fbd2d4a28981419a0ccf"
  
  util.promisify@^1.0.0:
    version "1.0.0"
    resolved "https://registry.yarnpkg.com/util.promisify/-/util.promisify-1.0.0.tgz#440f7165a459c9a16dc145eb8e72f35687097030"
    dependencies:
      define-properties "^1.1.2"
      object.getownpropertydescriptors "^2.0.3"
  
  utils-merge@1.0.1:
    version "1.0.1"
    resolved "https://registry.yarnpkg.com/utils-merge/-/utils-merge-1.0.1.tgz#9f95710f50a267947b2ccc124741c1028427e713"
  
  uuid@^3.3.2:
    version "3.3.2"
    resolved "https://registry.yarnpkg.com/uuid/-/uuid-3.3.2.tgz#1b4af4955eb3077c501c23872fc6513811587131"
  
  vary@~1.1.2:
    version "1.1.2"
    resolved "https://registry.yarnpkg.com/vary/-/vary-1.1.2.tgz#2299f02c6ded30d4a5961b0b9f74524a18f634fc"
  
  webpack-dev-middleware@^3.2.0:
    version "3.2.0"
    resolved "https://registry.yarnpkg.com/webpack-dev-middleware/-/webpack-dev-middleware-3.2.0.tgz#a20ceef194873710052da678f3c6ee0aeed92552"
    dependencies:
      loud-rejection "^1.6.0"
      memory-fs "~0.4.1"
      mime "^2.3.1"
      path-is-absolute "^1.0.0"
      range-parser "^1.0.3"
      url-join "^4.0.0"
      webpack-log "^2.0.0"
  
  webpack-log@^2.0.0:
    version "2.0.0"
    resolved "https://registry.yarnpkg.com/webpack-log/-/webpack-log-2.0.0.tgz#5b7928e0637593f119d32f6227c1e0ac31e1b47f"
    dependencies:
      ansi-colors "^3.0.0"
      uuid "^3.3.2"
